#
# A fatal error has been detected by the Java Runtime Environment:
#
#  SIGSEGV (0xb) at pc=0xb6ee58d9, pid=8375, tid=1780005696
#
# JRE version: OpenJDK Runtime Environment (7.0_65-b32) (build 1.7.0_65-b32)
# Java VM: OpenJDK Server VM (24.65-b04 mixed mode linux-x86 )
# Derivative: IcedTea 2.5.3
# Distribution: Ubuntu 14.04 LTS, package 7u71-2.5.3-0ubuntu0.14.04.1
# Problematic frame:
# V  [libjvm.so+0x7fd8d9]  interpretedVFrame::monitors() const+0x199
#
# Failed to write core dump. Core dumps have been disabled. To enable core dumping, try "ulimit -c unlimited" before starting Java again
#
# If you would like to submit a bug report, please include
# instructions on how to reproduce the bug and visit:
#   http://icedtea.classpath.org/bugzilla
#

---------------  T H R E A D  ---------------

Current thread (0x6a32f400):  JavaThread "JDWP Transport Listener: dt_socket" daemon [_thread_in_vm, id=8390, stack(0x6a13b000,0x6a18c000)]

siginfo:si_signo=SIGSEGV: si_errno=0, si_code=2 (SEGV_ACCERR), si_addr=0xb654dff8

Registers:
EAX=0xb654dff4, EBX=0xb7126000, ECX=0x083f3d48, EDX=0x6ce0c010
ESP=0x6a18abe0, EBP=0x00009a03, ESI=0x6a32fa08, EDI=0x6a32fba8
EIP=0xb6ee58d9, EFLAGS=0x00010216, CR2=0xb654dff8

Top of Stack: (sp=0x6a18abe0)
0x6a18abe0:   6a18ac18 b654dffc 00002290 00000000
0x6a18abf0:   b654dff4 6a18ac18 6ce0c010 083a1cf8
0x6a18ac00:   b659b014 b3188407 b3187a48 00000000
0x6a18ac10:   b659b034 b659b014 b659b014 b3188407
0x6a18ac20:   b3187a48 00000000 b659b034 b659b014
0x6a18ac30:   00000000 00003e90 b6ee5749 b7126000
0x6a18ac40:   00000000 6a32fc54 6a32fa08 b6c45677
0x6a18ac50:   6a32fa08 b6409000 0833d5a4 6a32f400 

Instructions: (pc=0xb6ee58d9)
0xb6ee58b9:   46 18 89 44 24 4c 8b 44 24 14 89 04 24 e8 15 d9
0xb6ee58c9:   be ff 39 44 24 10 0f 82 eb 00 00 00 8b 44 24 10
0xb6ee58d9:   8b 68 04 c7 44 24 04 00 00 00 00 c7 04 24 10 00
0xb6ee58e9:   00 00 e8 70 e7 f0 ff 85 c0 89 c1 74 18 89 28 c7 

Register to memory mapping:

EAX=0xb654dff4 is pointing into the stack for thread: 0xb6409000
EBX=0xb7126000: <offset 0xa3e000> in /usr/lib/jvm/java-7-openjdk-i386/jre/lib/i386/server/libjvm.so at 0xb66e8000
ECX=0x083f3d48 is an unknown value
EDX=0x6ce0c010 is an unknown value
ESP=0x6a18abe0 is pointing into the stack for thread: 0x6a32f400
EBP=0x00009a03 is an unknown value
ESI=0x6a32fa08 is an unknown value
EDI=0x6a32fba8 is an unknown value


Stack: [0x6a13b000,0x6a18c000],  sp=0x6a18abe0,  free space=318k
Native frames: (J=compiled Java code, j=interpreted, Vv=VM code, C=native code)
V  [libjvm.so+0x7fd8d9]  interpretedVFrame::monitors() const+0x199


---------------  P R O C E S S  ---------------

Java Threads: ( => current thread )
  0x6a337400 JavaThread "Service Thread" daemon [_thread_blocked, id=8398, stack(0x69f46000,0x69f97000)]
  0x6a335800 JavaThread "C2 CompilerThread1" daemon [_thread_blocked, id=8397, stack(0x69f97000,0x6a018000)]
  0x6a333800 JavaThread "C2 CompilerThread0" daemon [_thread_blocked, id=8396, stack(0x6a018000,0x6a099000)]
  0x0833a800 JavaThread "JDWP Command Reader" daemon [_thread_in_native, id=8393, stack(0x6a099000,0x6a0ea000)]
  0x6a331c00 JavaThread "JDWP Event Helper Thread" daemon [_thread_blocked, id=8392, stack(0x6a0ea000,0x6a13b000)]
=>0x6a32f400 JavaThread "JDWP Transport Listener: dt_socket" daemon [_thread_in_vm, id=8390, stack(0x6a13b000,0x6a18c000)]
  0x6a326c00 JavaThread "Signal Dispatcher" daemon [_thread_blocked, id=8388, stack(0x6a18c000,0x6a1dd000)]
  0x6a314800 JavaThread "Finalizer" daemon [_thread_blocked, id=8387, stack(0x6a1dd000,0x6a22e000)]
  0x6a313000 JavaThread "Reference Handler" daemon [_thread_blocked, id=8386, stack(0x6a22e000,0x6a27f000)]
  0xb6409000 JavaThread "main" [_thread_blocked, id=8381, stack(0xb654b000,0xb659c000)]

Other Threads:
  0x6a310400 VMThread [stack: 0x6a27f000,0x6a300000] [id=8385]
  0x6a339800 WatcherThread [stack: 0x69ec5000,0x69f46000] [id=8399]

VM state:not at safepoint (normal execution)

VM Mutex/Monitor currently owned by a thread: None

Heap
 PSYoungGen      total 18688K, used 975K [0x9e740000, 0x9fc00000, 0xb30c0000)
  eden space 16128K, 6% used [0x9e740000,0x9e833f60,0x9f700000)
  from space 2560K, 0% used [0x9f980000,0x9f980000,0x9fc00000)
  to   space 2560K, 0% used [0x9f700000,0x9f700000,0x9f980000)
 ParOldGen       total 41984K, used 0K [0x754c0000, 0x77dc0000, 0x9e740000)
  object space 41984K, 0% used [0x754c0000,0x754c0000,0x77dc0000)
 PSPermGen       total 16384K, used 2463K [0x6d4c0000, 0x6e4c0000, 0x754c0000)
  object space 16384K, 15% used [0x6d4c0000,0x6d727d68,0x6e4c0000)

Card table byte_map: [0x6d291000,0x6d4c0000] byte_map_base: 0x6cf26a00

Polling page: 0xb774a000

Code Cache  [0xb3185000, 0xb33c5000, 0xb6185000)
 total_blobs=110 nmethods=2 adapters=71 free_code_cache=48858Kb largest_free_block=50009152

Compilation events (4 events):
Event: 0.205 Thread 0x6a333800    1             java.lang.String::indexOf (70 bytes)
Event: 0.217 Thread 0x6a335800    2             java.lang.String::hashCode (55 bytes)
Event: 0.220 Thread 0x6a335800 nmethod 2 0xb31ce788 code [0xb31ce880, 0xb31cea10]
Event: 0.223 Thread 0x6a333800 nmethod 1 0xb31ce3c8 code [0xb31ce4e0, 0xb31ce69c]

GC Heap History (0 events):
No events

Deoptimization events (0 events):
No events

Internal exceptions (10 events):
Event: 0.189 Thread 0xb6409000 Threw 0x9e7f8d98 at /build/buildd/openjdk-7-7u71-2.5.3/build/openjdk/hotspot/src/share/vm/prims/jvm.cpp:1284
Event: 0.189 Thread 0xb6409000 Threw 0x9e7f9610 at /build/buildd/openjdk-7-7u71-2.5.3/build/openjdk/hotspot/src/share/vm/prims/jvm.cpp:1284
Event: 0.189 Thread 0xb6409000 Threw 0x9e7f9728 at /build/buildd/openjdk-7-7u71-2.5.3/build/openjdk/hotspot/src/share/vm/prims/jvm.cpp:1284
Event: 0.204 Thread 0xb6409000 Threw 0x9e8089a8 at /build/buildd/openjdk-7-7u71-2.5.3/build/openjdk/hotspot/src/share/vm/prims/jvm.cpp:1284
Event: 0.221 Thread 0xb6409000 Threw 0x9e80dbe8 at /build/buildd/openjdk-7-7u71-2.5.3/build/openjdk/hotspot/src/share/vm/prims/jvm.cpp:1284
Event: 0.222 Thread 0xb6409000 Threw 0x9e80fb58 at /build/buildd/openjdk-7-7u71-2.5.3/build/openjdk/hotspot/src/share/vm/prims/jvm.cpp:1284
Event: 0.222 Thread 0xb6409000 Threw 0x9e811758 at /build/buildd/openjdk-7-7u71-2.5.3/build/openjdk/hotspot/src/share/vm/prims/jvm.cpp:1284
Event: 1.632 Thread 0xb6409000 Threw 0x9e81ed08 at /build/buildd/openjdk-7-7u71-2.5.3/build/openjdk/hotspot/src/share/vm/prims/jvm.cpp:1284
Event: 1.635 Thread 0xb6409000 Threw 0x9e820bc8 at /build/buildd/openjdk-7-7u71-2.5.3/build/openjdk/hotspot/src/share/vm/prims/jvm.cpp:1284
Event: 1.635 Thread 0xb6409000 Threw 0x9e8228f0 at /build/buildd/openjdk-7-7u71-2.5.3/build/openjdk/hotspot/src/share/vm/prims/jvm.cpp:1284

Events (10 events):
Event: 149.280 Executing VM operation: RedefineClasses
Event: 149.280 Executing VM operation: RedefineClasses done
Event: 149.281 Executing VM operation: EnterInterpOnlyMode
Event: 149.281 Executing VM operation: EnterInterpOnlyMode done
Event: 149.281 Executing VM operation: GetCurrentLocation
Event: 149.281 Executing VM operation: GetCurrentLocation done
Event: 149.281 Executing VM operation: ChangeSingleStep
Event: 149.281 Executing VM operation: ChangeSingleStep done
Event: 149.282 Executing VM operation: ChangeSingleStep
Event: 149.282 Executing VM operation: ChangeSingleStep done


Dynamic libraries:
08048000-08049000 r-xp 00000000 08:05 2493618    /usr/lib/jvm/java-7-openjdk-i386/jre/bin/java
08049000-0804a000 r--p 00000000 08:05 2493618    /usr/lib/jvm/java-7-openjdk-i386/jre/bin/java
0804a000-0804b000 rw-p 00001000 08:05 2493618    /usr/lib/jvm/java-7-openjdk-i386/jre/bin/java
08338000-0841a000 rw-p 00000000 00:00 0          [heap]
69cb5000-69ec5000 rw-p 00000000 00:00 0 
69ec5000-69ec6000 ---p 00000000 00:00 0 
69ec6000-69f46000 rw-p 00000000 00:00 0          [stack:8399]
69f46000-69f49000 ---p 00000000 00:00 0 
69f49000-69f97000 rw-p 00000000 00:00 0          [stack:8398]
69f97000-69f9a000 ---p 00000000 00:00 0 
69f9a000-6a018000 rw-p 00000000 00:00 0          [stack:8397]
6a018000-6a01b000 ---p 00000000 00:00 0 
6a01b000-6a099000 rw-p 00000000 00:00 0          [stack:8396]
6a099000-6a09c000 ---p 00000000 00:00 0 
6a09c000-6a0ea000 rw-p 00000000 00:00 0          [stack:8393]
6a0ea000-6a0ed000 ---p 00000000 00:00 0 
6a0ed000-6a13b000 rw-p 00000000 00:00 0          [stack:8392]
6a13b000-6a13e000 ---p 00000000 00:00 0 
6a13e000-6a18c000 rw-p 00000000 00:00 0          [stack:8390]
6a18c000-6a18f000 ---p 00000000 00:00 0 
6a18f000-6a1dd000 rw-p 00000000 00:00 0          [stack:8388]
6a1dd000-6a1e0000 ---p 00000000 00:00 0 
6a1e0000-6a22e000 rw-p 00000000 00:00 0          [stack:8387]
6a22e000-6a231000 ---p 00000000 00:00 0 
6a231000-6a27f000 rw-p 00000000 00:00 0          [stack:8386]
6a27f000-6a280000 ---p 00000000 00:00 0 
6a280000-6a300000 rw-p 00000000 00:00 0          [stack:8385]
6a300000-6a3f7000 rw-p 00000000 00:00 0 
6a3f7000-6a400000 ---p 00000000 00:00 0 
6a413000-6a5c4000 r--s 01d25000 08:05 2493659    /usr/lib/jvm/java-7-openjdk-i386/jre/lib/rt.jar
6a5c4000-6cd00000 rw-p 00000000 00:00 0 
6cd00000-6cd21000 rw-p 00000000 00:00 0 
6cd21000-6ce00000 ---p 00000000 00:00 0 
6ce0c000-6ce35000 rw-p 00000000 00:00 0 
6ce35000-6ce39000 r--s 00034000 08:05 2493673    /usr/lib/jvm/java-7-openjdk-i386/jre/lib/ext/sunjce_provider.jar
6ce39000-6ce3d000 r--s 00085000 08:05 2493672    /usr/lib/jvm/java-7-openjdk-i386/jre/lib/ext/localedata.jar
6ce3d000-6ce41000 r--s 0003c000 08:05 2493674    /usr/lib/jvm/java-7-openjdk-i386/jre/lib/ext/sunpkcs11.jar
6ce41000-6cf00000 rw-p 00000000 00:00 0 
6cf00000-6cf21000 rw-p 00000000 00:00 0 
6cf21000-6d000000 ---p 00000000 00:00 0 
6d002000-6d005000 r--s 0000f000 08:05 2493669    /usr/lib/jvm/java-7-openjdk-i386/jre/lib/ext/icedtea-sound.jar
6d005000-6d006000 ---p 00000000 00:00 0 
6d006000-6d086000 rw-p 00000000 00:00 0          [stack:8383]
6d086000-6d087000 ---p 00000000 00:00 0 
6d087000-6d10f000 rw-p 00000000 00:00 0          [stack:8382]
6d10f000-6d147000 rw-p 00000000 00:00 0 
6d147000-6d15c000 rw-p 00000000 00:00 0 
6d15c000-6d291000 rw-p 00000000 00:00 0 
6d291000-6d299000 rw-p 00000000 00:00 0 
6d299000-6d2d1000 rw-p 00000000 00:00 0 
6d2d1000-6d2e6000 rw-p 00000000 00:00 0 
6d2e6000-6d41a000 rw-p 00000000 00:00 0 
6d41a000-6d425000 rw-p 00000000 00:00 0 
6d425000-6d4bf000 rw-p 00000000 00:00 0 
6d4bf000-6e4c0000 rw-p 00000000 00:00 0 
6e4c0000-754c0000 rw-p 00000000 00:00 0 
754c0000-77dc0000 rw-p 00000000 00:00 0 
77dc0000-9e740000 rw-p 00000000 00:00 0 
9e740000-9fc00000 rw-p 00000000 00:00 0 
9fc00000-b30c0000 rw-p 00000000 00:00 0 
b30c0000-b30c1000 rw-p 00000000 00:00 0 
b30c1000-b30c3000 r--s 00006000 08:05 2889721    /usr/share/java/java-atk-wrapper.jar
b30c3000-b30c5000 r--s 00012000 08:05 2493675    /usr/lib/jvm/java-7-openjdk-i386/jre/lib/ext/zipfs.jar
b30c5000-b30ce000 rw-p 00000000 00:00 0 
b30ce000-b3185000 rw-p 00000000 00:00 0 
b3185000-b33c5000 rwxp 00000000 00:00 0 
b33c5000-b6185000 rw-p 00000000 00:00 0 
b6185000-b6190000 r-xp 00000000 08:05 5375043    /lib/i386-linux-gnu/libnss_files-2.19.so
b6190000-b6191000 r--p 0000a000 08:05 5375043    /lib/i386-linux-gnu/libnss_files-2.19.so
b6191000-b6192000 rw-p 0000b000 08:05 5375043    /lib/i386-linux-gnu/libnss_files-2.19.so
b6192000-b619c000 r-xp 00000000 08:05 5375053    /lib/i386-linux-gnu/libnss_nis-2.19.so
b619c000-b619d000 r--p 00009000 08:05 5375053    /lib/i386-linux-gnu/libnss_nis-2.19.so
b619d000-b619e000 rw-p 0000a000 08:05 5375053    /lib/i386-linux-gnu/libnss_nis-2.19.so
b619e000-b61b3000 r-xp 00000000 08:05 5375037    /lib/i386-linux-gnu/libnsl-2.19.so
b61b3000-b61b4000 r--p 00015000 08:05 5375037    /lib/i386-linux-gnu/libnsl-2.19.so
b61b4000-b61b5000 rw-p 00016000 08:05 5375037    /lib/i386-linux-gnu/libnsl-2.19.so
b61b5000-b61b7000 rw-p 00000000 00:00 0 
b61b7000-b61be000 r-xp 00000000 08:05 5375039    /lib/i386-linux-gnu/libnss_compat-2.19.so
b61be000-b61bf000 r--p 00006000 08:05 5375039    /lib/i386-linux-gnu/libnss_compat-2.19.so
b61bf000-b61c0000 rw-p 00007000 08:05 5375039    /lib/i386-linux-gnu/libnss_compat-2.19.so
b61c0000-b63c0000 r--p 00000000 08:05 2366510    /usr/lib/locale/locale-archive
b63c0000-b63fe000 r-xp 00000000 08:05 2493703    /usr/lib/jvm/java-7-openjdk-i386/jre/lib/i386/libjdwp.so
b63fe000-b63ff000 r--p 0003d000 08:05 2493703    /usr/lib/jvm/java-7-openjdk-i386/jre/lib/i386/libjdwp.so
b63ff000-b6400000 rw-p 0003e000 08:05 2493703    /usr/lib/jvm/java-7-openjdk-i386/jre/lib/i386/libjdwp.so
b6400000-b64fe000 rw-p 00000000 00:00 0 
b64fe000-b6500000 ---p 00000000 00:00 0 
b6500000-b6501000 r--s 00002000 08:05 2493668    /usr/lib/jvm/java-7-openjdk-i386/jre/lib/ext/dnsns.jar
b6501000-b6505000 r-xp 00000000 08:05 2493687    /usr/lib/jvm/java-7-openjdk-i386/jre/lib/i386/libdt_socket.so
b6505000-b6506000 r--p 00003000 08:05 2493687    /usr/lib/jvm/java-7-openjdk-i386/jre/lib/i386/libdt_socket.so
b6506000-b6507000 rw-p 00004000 08:05 2493687    /usr/lib/jvm/java-7-openjdk-i386/jre/lib/i386/libdt_socket.so
b6507000-b650f000 r-xp 00000000 08:05 2493718    /usr/lib/jvm/java-7-openjdk-i386/jre/lib/i386/libzip.so
b650f000-b6510000 r--p 00007000 08:05 2493718    /usr/lib/jvm/java-7-openjdk-i386/jre/lib/i386/libzip.so
b6510000-b6511000 rw-p 00008000 08:05 2493718    /usr/lib/jvm/java-7-openjdk-i386/jre/lib/i386/libzip.so
b6511000-b6519000 rw-s 00000000 08:05 3702669    /tmp/hsperfdata_masha/8375
b6519000-b6540000 r-xp 00000000 08:05 2493697    /usr/lib/jvm/java-7-openjdk-i386/jre/lib/i386/libjava.so
b6540000-b6541000 r--p 00026000 08:05 2493697    /usr/lib/jvm/java-7-openjdk-i386/jre/lib/i386/libjava.so
b6541000-b6542000 rw-p 00027000 08:05 2493697    /usr/lib/jvm/java-7-openjdk-i386/jre/lib/i386/libjava.so
b6542000-b6549000 r-xp 00000000 08:05 5375096    /lib/i386-linux-gnu/librt-2.19.so
b6549000-b654a000 r--p 00006000 08:05 5375096    /lib/i386-linux-gnu/librt-2.19.so
b654a000-b654b000 rw-p 00007000 08:05 5375096    /lib/i386-linux-gnu/librt-2.19.so
b654b000-b654e000 ---p 00000000 00:00 0 
b654e000-b659c000 rw-p 00000000 00:00 0          [stack:8381]
b659c000-b65b8000 r-xp 00000000 08:05 5374994    /lib/i386-linux-gnu/libgcc_s.so.1
b65b8000-b65b9000 rw-p 0001b000 08:05 5374994    /lib/i386-linux-gnu/libgcc_s.so.1
b65b9000-b65fd000 r-xp 00000000 08:05 5375018    /lib/i386-linux-gnu/libm-2.19.so
b65fd000-b65fe000 r--p 00043000 08:05 5375018    /lib/i386-linux-gnu/libm-2.19.so
b65fe000-b65ff000 rw-p 00044000 08:05 5375018    /lib/i386-linux-gnu/libm-2.19.so
b65ff000-b66db000 r-xp 00000000 08:05 2366128    /usr/lib/i386-linux-gnu/libstdc++.so.6.0.19
b66db000-b66dc000 ---p 000dc000 08:05 2366128    /usr/lib/i386-linux-gnu/libstdc++.so.6.0.19
b66dc000-b66e0000 r--p 000dc000 08:05 2366128    /usr/lib/i386-linux-gnu/libstdc++.so.6.0.19
b66e0000-b66e1000 rw-p 000e0000 08:05 2366128    /usr/lib/i386-linux-gnu/libstdc++.so.6.0.19
b66e1000-b66e8000 rw-p 00000000 00:00 0 
b66e8000-b70d3000 r-xp 00000000 08:05 2493729    /usr/lib/jvm/java-7-openjdk-i386/jre/lib/i386/server/libjvm.so
b70d3000-b70d4000 ---p 009eb000 08:05 2493729    /usr/lib/jvm/java-7-openjdk-i386/jre/lib/i386/server/libjvm.so
b70d4000-b7126000 r--p 009eb000 08:05 2493729    /usr/lib/jvm/java-7-openjdk-i386/jre/lib/i386/server/libjvm.so
b7126000-b713a000 rw-p 00a3d000 08:05 2493729    /usr/lib/jvm/java-7-openjdk-i386/jre/lib/i386/server/libjvm.so
b713a000-b7557000 rw-p 00000000 00:00 0 
b7557000-b756f000 r-xp 00000000 08:05 5375131    /lib/i386-linux-gnu/libz.so.1.2.8
b756f000-b7570000 r--p 00017000 08:05 5375131    /lib/i386-linux-gnu/libz.so.1.2.8
b7570000-b7571000 rw-p 00018000 08:05 5375131    /lib/i386-linux-gnu/libz.so.1.2.8
b7571000-b7572000 rw-p 00000000 00:00 0 
b7572000-b758a000 r-xp 00000000 08:05 5375088    /lib/i386-linux-gnu/libpthread-2.19.so
b758a000-b758b000 r--p 00017000 08:05 5375088    /lib/i386-linux-gnu/libpthread-2.19.so
b758b000-b758c000 rw-p 00018000 08:05 5375088    /lib/i386-linux-gnu/libpthread-2.19.so
b758c000-b758e000 rw-p 00000000 00:00 0 
b758e000-b7591000 r-xp 00000000 08:05 5374984    /lib/i386-linux-gnu/libdl-2.19.so
b7591000-b7592000 r--p 00002000 08:05 5374984    /lib/i386-linux-gnu/libdl-2.19.so
b7592000-b7593000 rw-p 00003000 08:05 5374984    /lib/i386-linux-gnu/libdl-2.19.so
b7593000-b773c000 r-xp 00000000 08:05 5374967    /lib/i386-linux-gnu/libc-2.19.so
b773c000-b773d000 ---p 001a9000 08:05 5374967    /lib/i386-linux-gnu/libc-2.19.so
b773d000-b773f000 r--p 001a9000 08:05 5374967    /lib/i386-linux-gnu/libc-2.19.so
b773f000-b7740000 rw-p 001ab000 08:05 5374967    /lib/i386-linux-gnu/libc-2.19.so
b7740000-b7743000 rw-p 00000000 00:00 0 
b7743000-b7744000 r--p 002c5000 08:05 2366510    /usr/lib/locale/locale-archive
b7744000-b7747000 r-xp 00000000 08:05 2493712    /usr/lib/jvm/java-7-openjdk-i386/jre/lib/i386/libnpt.so
b7747000-b7748000 r--p 00002000 08:05 2493712    /usr/lib/jvm/java-7-openjdk-i386/jre/lib/i386/libnpt.so
b7748000-b7749000 rw-p 00003000 08:05 2493712    /usr/lib/jvm/java-7-openjdk-i386/jre/lib/i386/libnpt.so
b7749000-b774a000 rw-p 00000000 00:00 0 
b774a000-b774b000 r--p 00000000 00:00 0 
b774b000-b7759000 r-xp 00000000 08:05 2493717    /usr/lib/jvm/java-7-openjdk-i386/jre/lib/i386/libverify.so
b7759000-b775a000 r--p 0000d000 08:05 2493717    /usr/lib/jvm/java-7-openjdk-i386/jre/lib/i386/libverify.so
b775a000-b775b000 rw-p 0000e000 08:05 2493717    /usr/lib/jvm/java-7-openjdk-i386/jre/lib/i386/libverify.so
b775b000-b7767000 r-xp 00000000 08:05 2493725    /usr/lib/jvm/java-7-openjdk-i386/jre/lib/i386/jli/libjli.so
b7767000-b7768000 r--p 0000c000 08:05 2493725    /usr/lib/jvm/java-7-openjdk-i386/jre/lib/i386/jli/libjli.so
b7768000-b7769000 rw-p 0000d000 08:05 2493725    /usr/lib/jvm/java-7-openjdk-i386/jre/lib/i386/jli/libjli.so
b7769000-b776c000 rw-p 00000000 00:00 0 
b776c000-b776d000 r-xp 00000000 00:00 0          [vdso]
b776d000-b778d000 r-xp 00000000 08:05 5374943    /lib/i386-linux-gnu/ld-2.19.so
b778d000-b778e000 r--p 0001f000 08:05 5374943    /lib/i386-linux-gnu/ld-2.19.so
b778e000-b778f000 rw-p 00020000 08:05 5374943    /lib/i386-linux-gnu/ld-2.19.so
bf8eb000-bf8ec000 rwxp 00000000 00:00 0 
bf91e000-bf93f000 rw-p 00000000 00:00 0          [stack]

VM Arguments:
jvm_args: -agentlib:jdwp=transport=dt_socket,suspend=y,address=localhost:58755 -Dfile.encoding=UTF-8 
java_command: main.App
Launcher Type: SUN_STANDARD

Environment Variables:
PATH=/usr/local/sbin:/usr/local/bin:/usr/sbin:/usr/bin:/sbin:/bin:/usr/games:/usr/local/games
USERNAME=masha
LD_LIBRARY_PATH=/usr/lib/jvm/java-7-openjdk-i386/jre/lib/i386/server:/usr/lib/jvm/java-7-openjdk-i386/jre/lib/i386:/usr/lib/jvm/java-7-openjdk-i386/jre/../lib/i386:/usr/lib/jvm/java-7-openjdk-i386/jre/lib/i386/client:/usr/lib/jvm/java-7-openjdk-i386/jre/lib/i386:
SHELL=/bin/bash
DISPLAY=:0.0

Signal Handlers:
SIGSEGV: [libjvm.so+0x80a5e0], sa_mask[0]=0x7ffbfeff, sa_flags=0x10000004
SIGBUS: [libjvm.so+0x80a5e0], sa_mask[0]=0x7ffbfeff, sa_flags=0x10000004
SIGFPE: [libjvm.so+0x6844f0], sa_mask[0]=0x7ffbfeff, sa_flags=0x10000004
SIGPIPE: [libjvm.so+0x6844f0], sa_mask[0]=0x7ffbfeff, sa_flags=0x10000004
SIGXFSZ: [libjvm.so+0x6844f0], sa_mask[0]=0x7ffbfeff, sa_flags=0x10000004
SIGILL: [libjvm.so+0x6844f0], sa_mask[0]=0x7ffbfeff, sa_flags=0x10000004
SIGUSR1: SIG_DFL, sa_mask[0]=0x00000000, sa_flags=0x00000000
SIGUSR2: [libjvm.so+0x684380], sa_mask[0]=0x00000004, sa_flags=0x10000004
SIGHUP: [libjvm.so+0x6845b0], sa_mask[0]=0x7ffbfeff, sa_flags=0x10000004
SIGINT: [libjvm.so+0x6845b0], sa_mask[0]=0x7ffbfeff, sa_flags=0x10000004
SIGTERM: [libjvm.so+0x6845b0], sa_mask[0]=0x7ffbfeff, sa_flags=0x10000004
SIGQUIT: [libjvm.so+0x6845b0], sa_mask[0]=0x7ffbfeff, sa_flags=0x10000004
SIGTRAP: SIG_DFL, sa_mask[0]=0x00000000, sa_flags=0x00000000


---------------  S Y S T E M  ---------------

OS:LinuxMint 17.1 (rebecca)
uname:Linux 3.13.0-37-generic #64-Ubuntu SMP Mon Sep 22 21:30:01 UTC 2014 i686
libc:glibc 2.19 NPTL 2.19 
rlimit: STACK 8192k, CORE 0k, NPROC 31361, NOFILE 4096, AS infinity
load average:0.38 0.44 0.49

/proc/meminfo:
MemTotal:        4042264 kB
MemFree:          340392 kB
Buffers:          239452 kB
Cached:          1549588 kB
SwapCached:            0 kB
Active:          2269048 kB
Inactive:        1299268 kB
Active(anon):    1752388 kB
Inactive(anon):   479748 kB
Active(file):     516660 kB
Inactive(file):   819520 kB
Unevictable:         152 kB
Mlocked:             152 kB
HighTotal:       3193380 kB
HighFree:         187524 kB
LowTotal:         848884 kB
LowFree:          152868 kB
SwapTotal:       3472380 kB
SwapFree:        3472380 kB
Dirty:               516 kB
Writeback:             0 kB
AnonPages:       1779432 kB
Mapped:           418676 kB
Shmem:            452740 kB
Slab:              81904 kB
SReclaimable:      59536 kB
SUnreclaim:        22368 kB
KernelStack:        8432 kB
PageTables:        19096 kB
NFS_Unstable:          0 kB
Bounce:                0 kB
WritebackTmp:          0 kB
CommitLimit:     5493512 kB
Committed_AS:    8588368 kB
VmallocTotal:     122880 kB
VmallocUsed:       20648 kB
VmallocChunk:      97864 kB
HardwareCorrupted:     0 kB
AnonHugePages:    700416 kB
HugePages_Total:       0
HugePages_Free:        0
HugePages_Rsvd:        0
HugePages_Surp:        0
Hugepagesize:       2048 kB
DirectMap4k:       40952 kB
DirectMap2M:      872448 kB


CPU:total 2 (2 cores per cpu, 1 threads per core) family 6 model 42 stepping 7, cmov, cx8, fxsr, mmx, sse, sse2, sse3, ssse3, sse4.1, sse4.2, popcnt, tsc, tscinvbit

/proc/cpuinfo:
processor	: 0
vendor_id	: GenuineIntel
cpu family	: 6
model		: 42
model name	: Intel(R) Pentium(R) CPU B950 @ 2.10GHz
stepping	: 7
microcode	: 0x1b
cpu MHz		: 2100.000
cache size	: 2048 KB
physical id	: 0
siblings	: 2
core id		: 0
cpu cores	: 2
apicid		: 0
initial apicid	: 0
fdiv_bug	: no
f00f_bug	: no
coma_bug	: no
fpu		: yes
fpu_exception	: yes
cpuid level	: 13
wp		: yes
flags		: fpu vme de pse tsc msr pae mce cx8 apic sep mtrr pge mca cmov pat pse36 clflush dts acpi mmx fxsr sse sse2 ss ht tm pbe nx rdtscp lm constant_tsc arch_perfmon pebs bts xtopology nonstop_tsc aperfmperf eagerfpu pni pclmulqdq dtes64 monitor ds_cpl est tm2 ssse3 cx16 xtpr pdcm pcid sse4_1 sse4_2 x2apic popcnt tsc_deadline_timer xsave lahf_lm arat epb xsaveopt pln pts dtherm
bogomips	: 4190.43
clflush size	: 64
cache_alignment	: 64
address sizes	: 36 bits physical, 48 bits virtual
power management:

processor	: 1
vendor_id	: GenuineIntel
cpu family	: 6
model		: 42
model name	: Intel(R) Pentium(R) CPU B950 @ 2.10GHz
stepping	: 7
microcode	: 0x1b
cpu MHz		: 2100.000
cache size	: 2048 KB
physical id	: 0
siblings	: 2
core id		: 1
cpu cores	: 2
apicid		: 2
initial apicid	: 2
fdiv_bug	: no
f00f_bug	: no
coma_bug	: no
fpu		: yes
fpu_exception	: yes
cpuid level	: 13
wp		: yes
flags		: fpu vme de pse tsc msr pae mce cx8 apic sep mtrr pge mca cmov pat pse36 clflush dts acpi mmx fxsr sse sse2 ss ht tm pbe nx rdtscp lm constant_tsc arch_perfmon pebs bts xtopology nonstop_tsc aperfmperf eagerfpu pni pclmulqdq dtes64 monitor ds_cpl est tm2 ssse3 cx16 xtpr pdcm pcid sse4_1 sse4_2 x2apic popcnt tsc_deadline_timer xsave lahf_lm arat epb xsaveopt pln pts dtherm
bogomips	: 4190.43
clflush size	: 64
cache_alignment	: 64
address sizes	: 36 bits physical, 48 bits virtual
power management:



Memory: 4k page, physical 4042264k(340392k free), swap 3472380k(3472380k free)

vm_info: OpenJDK Server VM (24.65-b04) for linux-x86 JRE (1.7.0_65-b32), built on Oct 22 2014 04:44:59 by "buildd" with gcc 4.8.2

time: Sun Oct 18 15:13:07 2015
elapsed time: 149 seconds

