#
# A fatal error has been detected by the Java Runtime Environment:
#
#  SIGSEGV (0xb) at pc=0xb6e6d8d9, pid=14201, tid=1779485504
#
# JRE version: OpenJDK Runtime Environment (7.0_65-b32) (build 1.7.0_65-b32)
# Java VM: OpenJDK Server VM (24.65-b04 mixed mode linux-x86 )
# Derivative: IcedTea 2.5.3
# Distribution: Ubuntu 14.04 LTS, package 7u71-2.5.3-0ubuntu0.14.04.1
# Problematic frame:
# V  [libjvm.so+0x7fd8d9]  interpretedVFrame::monitors() const+0x199
#
# Failed to write core dump. Core dumps have been disabled. To enable core dumping, try "ulimit -c unlimited" before starting Java again
#
# If you would like to submit a bug report, please include
# instructions on how to reproduce the bug and visit:
#   http://icedtea.classpath.org/bugzilla
#

---------------  T H R E A D  ---------------

Current thread (0x6a22f400):  JavaThread "JDWP Transport Listener: dt_socket" daemon [_thread_in_vm, id=14216, stack(0x6a0bc000,0x6a10d000)]

siginfo:si_signo=SIGSEGV: si_errno=0, si_code=2 (SEGV_ACCERR), si_addr=0xb64d5ff8

Registers:
EAX=0xb64d5ff4, EBX=0xb70ae000, ECX=0x09ba5ae8, EDX=0x6a320010
ESP=0x6a10bbe0, EBP=0x00009a04, ESI=0x6a22fa08, EDI=0x6a22fba8
EIP=0xb6e6d8d9, EFLAGS=0x00010216, CR2=0xb64d5ff8

Top of Stack: (sp=0x6a10bbe0)
0x6a10bbe0:   6a10bc18 b64d5ffc 61746f54 0000006c
0x6a10bbf0:   b64d5ff4 6a10bc18 6a320010 09b53a88
0x6a10bc00:   b652301c b3103407 b3102a48 00000000
0x6a10bc10:   b652303c b652301c b652301c b3103407
0x6a10bc20:   b3102a48 00000000 b652303c b652301c
0x6a10bc30:   00000000 00003e90 b6e6d749 b70ae000
0x6a10bc40:   00000000 6a22fc54 6a22fa08 b6bcd677
0x6a10bc50:   6a22fa08 b6309000 6a219d70 b6e6d739 

Instructions: (pc=0xb6e6d8d9)
0xb6e6d8b9:   46 18 89 44 24 4c 8b 44 24 14 89 04 24 e8 15 d9
0xb6e6d8c9:   be ff 39 44 24 10 0f 82 eb 00 00 00 8b 44 24 10
0xb6e6d8d9:   8b 68 04 c7 44 24 04 00 00 00 00 c7 04 24 10 00
0xb6e6d8e9:   00 00 e8 70 e7 f0 ff 85 c0 89 c1 74 18 89 28 c7 

Register to memory mapping:

EAX=0xb64d5ff4 is pointing into the stack for thread: 0xb6309000
EBX=0xb70ae000: <offset 0xa3e000> in /usr/lib/jvm/java-7-openjdk-i386/jre/lib/i386/server/libjvm.so at 0xb6670000
ECX=0x09ba5ae8 is an unknown value
EDX=0x6a320010 is an unknown value
ESP=0x6a10bbe0 is pointing into the stack for thread: 0x6a22f400
EBP=0x00009a04 is an unknown value
ESI=0x6a22fa08 is an unknown value
EDI=0x6a22fba8 is an unknown value


Stack: [0x6a0bc000,0x6a10d000],  sp=0x6a10bbe0,  free space=318k
Native frames: (J=compiled Java code, j=interpreted, Vv=VM code, C=native code)
V  [libjvm.so+0x7fd8d9]  interpretedVFrame::monitors() const+0x199

[error occurred during error reporting (printing native stack), id 0xb]


---------------  P R O C E S S  ---------------

Java Threads: ( => current thread )
  0x6a238000 JavaThread "Service Thread" daemon [_thread_blocked, id=14224, stack(0x69ec7000,0x69f18000)]
  0x6a235800 JavaThread "C2 CompilerThread1" daemon [_thread_blocked, id=14223, stack(0x69f18000,0x69f99000)]
  0x6a233800 JavaThread "C2 CompilerThread0" daemon [_thread_blocked, id=14222, stack(0x69f99000,0x6a01a000)]
  0x09acf800 JavaThread "JDWP Command Reader" daemon [_thread_in_native, id=14219, stack(0x6a01a000,0x6a06b000)]
  0x6a231c00 JavaThread "JDWP Event Helper Thread" daemon [_thread_blocked, id=14218, stack(0x6a06b000,0x6a0bc000)]
=>0x6a22f400 JavaThread "JDWP Transport Listener: dt_socket" daemon [_thread_in_vm, id=14216, stack(0x6a0bc000,0x6a10d000)]
  0x6a226c00 JavaThread "Signal Dispatcher" daemon [_thread_blocked, id=14214, stack(0x6a10d000,0x6a15e000)]
  0x6a214800 JavaThread "Finalizer" daemon [_thread_blocked, id=14213, stack(0x6a15e000,0x6a1af000)]
  0x6a213000 JavaThread "Reference Handler" daemon [_thread_blocked, id=14212, stack(0x6a1af000,0x6a200000)]
  0xb6309000 JavaThread "main" [_thread_blocked, id=14205, stack(0xb64d3000,0xb6524000)]

Other Threads:
  0x6a210400 VMThread [stack: 0x6a349000,0x6a3ca000] [id=14211]
  0x6a239c00 WatcherThread [stack: 0x69e46000,0x69ec7000] [id=14225]

VM state:not at safepoint (normal execution)

VM Mutex/Monitor currently owned by a thread: None

Heap
 PSYoungGen      total 18688K, used 975K [0x9e6c0000, 0x9fb80000, 0xb3040000)
  eden space 16128K, 6% used [0x9e6c0000,0x9e7b3f90,0x9f680000)
  from space 2560K, 0% used [0x9f900000,0x9f900000,0x9fb80000)
  to   space 2560K, 0% used [0x9f680000,0x9f680000,0x9f900000)
 ParOldGen       total 41984K, used 0K [0x75440000, 0x77d40000, 0x9e6c0000)
  object space 41984K, 0% used [0x75440000,0x75440000,0x77d40000)
 PSPermGen       total 16384K, used 2546K [0x6d440000, 0x6e440000, 0x75440000)
  object space 16384K, 15% used [0x6d440000,0x6d6bcb48,0x6e440000)

Card table byte_map: [0x6d211000,0x6d440000] byte_map_base: 0x6cea6e00

Polling page: 0xb76d2000

Code Cache  [0xb3100000, 0xb3340000, 0xb6100000)
 total_blobs=115 nmethods=3 adapters=75 free_code_cache=48854Kb largest_free_block=50009152

Compilation events (6 events):
Event: 0.226 Thread 0x6a233800    1             java.lang.String::indexOf (70 bytes)
Event: 0.235 Thread 0x6a235800    2             java.lang.String::hashCode (55 bytes)
Event: 0.239 Thread 0x6a235800 nmethod 2 0xb3149788 code [0xb3149880, 0xb3149a10]
Event: 0.241 Thread 0x6a233800 nmethod 1 0xb31493c8 code [0xb31494e0, 0xb314969c]
Event: 2.037 Thread 0x6a235800    3             sun.nio.cs.UTF_8$Encoder::encode (361 bytes)
Event: 2.050 Thread 0x6a235800 nmethod 3 0xb314c1c8 code [0xb314c300, 0xb314c9dc]

GC Heap History (0 events):
No events

Deoptimization events (0 events):
No events

Internal exceptions (10 events):
Event: 0.212 Thread 0xb6309000 Threw 0x9e779700 at /build/buildd/openjdk-7-7u71-2.5.3/build/openjdk/hotspot/src/share/vm/prims/jvm.cpp:1284
Event: 0.225 Thread 0xb6309000 Threw 0x9e7889b0 at /build/buildd/openjdk-7-7u71-2.5.3/build/openjdk/hotspot/src/share/vm/prims/jvm.cpp:1284
Event: 0.239 Thread 0xb6309000 Threw 0x9e78dbf0 at /build/buildd/openjdk-7-7u71-2.5.3/build/openjdk/hotspot/src/share/vm/prims/jvm.cpp:1284
Event: 0.242 Thread 0xb6309000 Threw 0x9e78fb90 at /build/buildd/openjdk-7-7u71-2.5.3/build/openjdk/hotspot/src/share/vm/prims/jvm.cpp:1284
Event: 0.242 Thread 0xb6309000 Threw 0x9e791790 at /build/buildd/openjdk-7-7u71-2.5.3/build/openjdk/hotspot/src/share/vm/prims/jvm.cpp:1284
Event: 0.243 Thread 0xb6309000 Threw 0x9e7934c8 at /build/buildd/openjdk-7-7u71-2.5.3/build/openjdk/hotspot/src/share/vm/prims/jvm.cpp:1284
Event: 2.034 Thread 0xb6309000 Threw 0x9e7a2220 at /build/buildd/openjdk-7-7u71-2.5.3/build/openjdk/hotspot/src/share/vm/prims/jvm.cpp:1284
Event: 2.035 Thread 0xb6309000 Threw 0x9e7a4260 at /build/buildd/openjdk-7-7u71-2.5.3/build/openjdk/hotspot/src/share/vm/prims/jvm.cpp:1284
Event: 2.036 Thread 0xb6309000 Threw 0x9e7a61d8 at /build/buildd/openjdk-7-7u71-2.5.3/build/openjdk/hotspot/src/share/vm/prims/jvm.cpp:1284
Event: 2.041 Thread 0xb6309000 Threw 0x9e7a7f50 at /build/buildd/openjdk-7-7u71-2.5.3/build/openjdk/hotspot/src/share/vm/prims/jvm.cpp:1284

Events (10 events):
Event: 18.401 Executing VM operation: RedefineClasses
Event: 18.401 Executing VM operation: RedefineClasses done
Event: 18.401 Executing VM operation: EnterInterpOnlyMode
Event: 18.401 Executing VM operation: EnterInterpOnlyMode done
Event: 18.402 Executing VM operation: GetCurrentLocation
Event: 18.402 Executing VM operation: GetCurrentLocation done
Event: 18.402 Executing VM operation: ChangeSingleStep
Event: 18.402 Executing VM operation: ChangeSingleStep done
Event: 18.402 Executing VM operation: ChangeSingleStep
Event: 18.402 Executing VM operation: ChangeSingleStep done


Dynamic libraries:
08048000-08049000 r-xp 00000000 08:05 2493618    /usr/lib/jvm/java-7-openjdk-i386/jre/bin/java
08049000-0804a000 r--p 00000000 08:05 2493618    /usr/lib/jvm/java-7-openjdk-i386/jre/bin/java
0804a000-0804b000 rw-p 00001000 08:05 2493618    /usr/lib/jvm/java-7-openjdk-i386/jre/bin/java
09acd000-09bac000 rw-p 00000000 00:00 0          [heap]
69af0000-69d00000 rw-p 00000000 00:00 0 
69d00000-69d29000 rw-p 00000000 00:00 0 
69d29000-69e00000 ---p 00000000 00:00 0 
69e46000-69e47000 ---p 00000000 00:00 0 
69e47000-69ec7000 rw-p 00000000 00:00 0          [stack:14225]
69ec7000-69eca000 ---p 00000000 00:00 0 
69eca000-69f18000 rw-p 00000000 00:00 0          [stack:14224]
69f18000-69f1b000 ---p 00000000 00:00 0 
69f1b000-69f99000 rw-p 00000000 00:00 0          [stack:14223]
69f99000-69f9c000 ---p 00000000 00:00 0 
69f9c000-6a01a000 rw-p 00000000 00:00 0          [stack:14222]
6a01a000-6a01d000 ---p 00000000 00:00 0 
6a01d000-6a06b000 rw-p 00000000 00:00 0          [stack:14219]
6a06b000-6a06e000 ---p 00000000 00:00 0 
6a06e000-6a0bc000 rw-p 00000000 00:00 0          [stack:14218]
6a0bc000-6a0bf000 ---p 00000000 00:00 0 
6a0bf000-6a10d000 rw-p 00000000 00:00 0          [stack:14216]
6a10d000-6a110000 ---p 00000000 00:00 0 
6a110000-6a15e000 rw-p 00000000 00:00 0          [stack:14214]
6a15e000-6a161000 ---p 00000000 00:00 0 
6a161000-6a1af000 rw-p 00000000 00:00 0          [stack:14213]
6a1af000-6a1b2000 ---p 00000000 00:00 0 
6a1b2000-6a200000 rw-p 00000000 00:00 0          [stack:14212]
6a200000-6a300000 rw-p 00000000 00:00 0 
6a320000-6a349000 rw-p 00000000 00:00 0 
6a349000-6a34a000 ---p 00000000 00:00 0 
6a34a000-6a413000 rw-p 00000000 00:00 0          [stack:14211]
6a413000-6a5c4000 r--s 01d25000 08:05 2493659    /usr/lib/jvm/java-7-openjdk-i386/jre/lib/rt.jar
6a5c4000-6cd00000 rw-p 00000000 00:00 0 
6cd00000-6cd21000 rw-p 00000000 00:00 0 
6cd21000-6ce00000 ---p 00000000 00:00 0 
6ce05000-6ce09000 r--s 00034000 08:05 2493673    /usr/lib/jvm/java-7-openjdk-i386/jre/lib/ext/sunjce_provider.jar
6ce09000-6ce7f000 rw-p 00000000 00:00 0 
6ce7f000-6ce80000 ---p 00000000 00:00 0 
6ce80000-6cf00000 rw-p 00000000 00:00 0          [stack:14209]
6cf00000-6cf21000 rw-p 00000000 00:00 0 
6cf21000-6d000000 ---p 00000000 00:00 0 
6d002000-6d006000 r--s 00085000 08:05 2493672    /usr/lib/jvm/java-7-openjdk-i386/jre/lib/ext/localedata.jar
6d006000-6d007000 ---p 00000000 00:00 0 
6d007000-6d08f000 rw-p 00000000 00:00 0          [stack:14208]
6d08f000-6d0c7000 rw-p 00000000 00:00 0 
6d0c7000-6d0dc000 rw-p 00000000 00:00 0 
6d0dc000-6d211000 rw-p 00000000 00:00 0 
6d211000-6d219000 rw-p 00000000 00:00 0 
6d219000-6d251000 rw-p 00000000 00:00 0 
6d251000-6d266000 rw-p 00000000 00:00 0 
6d266000-6d39a000 rw-p 00000000 00:00 0 
6d39a000-6d3a5000 rw-p 00000000 00:00 0 
6d3a5000-6d43f000 rw-p 00000000 00:00 0 
6d43f000-6e440000 rw-p 00000000 00:00 0 
6e440000-75440000 rw-p 00000000 00:00 0 
75440000-77d40000 rw-p 00000000 00:00 0 
77d40000-9e6c0000 rw-p 00000000 00:00 0 
9e6c0000-9fb80000 rw-p 00000000 00:00 0 
9fb80000-b3040000 rw-p 00000000 00:00 0 
b3040000-b3049000 rw-p 00000000 00:00 0 
b3049000-b3100000 rw-p 00000000 00:00 0 
b3100000-b3340000 rwxp 00000000 00:00 0 
b3340000-b6100000 rw-p 00000000 00:00 0 
b6100000-b6300000 r--p 00000000 08:05 2366510    /usr/lib/locale/locale-archive
b6300000-b63fe000 rw-p 00000000 00:00 0 
b63fe000-b6400000 ---p 00000000 00:00 0 
b6401000-b6402000 rw-p 00000000 00:00 0 
b6402000-b6403000 r--s 00002000 08:05 2493668    /usr/lib/jvm/java-7-openjdk-i386/jre/lib/ext/dnsns.jar
b6403000-b6407000 r--s 0003c000 08:05 2493674    /usr/lib/jvm/java-7-openjdk-i386/jre/lib/ext/sunpkcs11.jar
b6407000-b640a000 r--s 0000f000 08:05 2493669    /usr/lib/jvm/java-7-openjdk-i386/jre/lib/ext/icedtea-sound.jar
b640a000-b640c000 r--s 00006000 08:05 2889721    /usr/share/java/java-atk-wrapper.jar
b640c000-b640e000 r--s 00012000 08:05 2493675    /usr/lib/jvm/java-7-openjdk-i386/jre/lib/ext/zipfs.jar
b640e000-b6419000 r-xp 00000000 08:05 5375043    /lib/i386-linux-gnu/libnss_files-2.19.so
b6419000-b641a000 r--p 0000a000 08:05 5375043    /lib/i386-linux-gnu/libnss_files-2.19.so
b641a000-b641b000 rw-p 0000b000 08:05 5375043    /lib/i386-linux-gnu/libnss_files-2.19.so
b641b000-b6425000 r-xp 00000000 08:05 5375053    /lib/i386-linux-gnu/libnss_nis-2.19.so
b6425000-b6426000 r--p 00009000 08:05 5375053    /lib/i386-linux-gnu/libnss_nis-2.19.so
b6426000-b6427000 rw-p 0000a000 08:05 5375053    /lib/i386-linux-gnu/libnss_nis-2.19.so
b6427000-b643c000 r-xp 00000000 08:05 5375037    /lib/i386-linux-gnu/libnsl-2.19.so
b643c000-b643d000 r--p 00015000 08:05 5375037    /lib/i386-linux-gnu/libnsl-2.19.so
b643d000-b643e000 rw-p 00016000 08:05 5375037    /lib/i386-linux-gnu/libnsl-2.19.so
b643e000-b6440000 rw-p 00000000 00:00 0 
b6440000-b6447000 r-xp 00000000 08:05 5375039    /lib/i386-linux-gnu/libnss_compat-2.19.so
b6447000-b6448000 r--p 00006000 08:05 5375039    /lib/i386-linux-gnu/libnss_compat-2.19.so
b6448000-b6449000 rw-p 00007000 08:05 5375039    /lib/i386-linux-gnu/libnss_compat-2.19.so
b6449000-b644d000 r-xp 00000000 08:05 2493687    /usr/lib/jvm/java-7-openjdk-i386/jre/lib/i386/libdt_socket.so
b644d000-b644e000 r--p 00003000 08:05 2493687    /usr/lib/jvm/java-7-openjdk-i386/jre/lib/i386/libdt_socket.so
b644e000-b644f000 rw-p 00004000 08:05 2493687    /usr/lib/jvm/java-7-openjdk-i386/jre/lib/i386/libdt_socket.so
b644f000-b6457000 r-xp 00000000 08:05 2493718    /usr/lib/jvm/java-7-openjdk-i386/jre/lib/i386/libzip.so
b6457000-b6458000 r--p 00007000 08:05 2493718    /usr/lib/jvm/java-7-openjdk-i386/jre/lib/i386/libzip.so
b6458000-b6459000 rw-p 00008000 08:05 2493718    /usr/lib/jvm/java-7-openjdk-i386/jre/lib/i386/libzip.so
b6459000-b6461000 rw-s 00000000 08:05 3702686    /tmp/hsperfdata_masha/14201
b6461000-b649f000 r-xp 00000000 08:05 2493703    /usr/lib/jvm/java-7-openjdk-i386/jre/lib/i386/libjdwp.so
b649f000-b64a0000 r--p 0003d000 08:05 2493703    /usr/lib/jvm/java-7-openjdk-i386/jre/lib/i386/libjdwp.so
b64a0000-b64a1000 rw-p 0003e000 08:05 2493703    /usr/lib/jvm/java-7-openjdk-i386/jre/lib/i386/libjdwp.so
b64a1000-b64c8000 r-xp 00000000 08:05 2493697    /usr/lib/jvm/java-7-openjdk-i386/jre/lib/i386/libjava.so
b64c8000-b64c9000 r--p 00026000 08:05 2493697    /usr/lib/jvm/java-7-openjdk-i386/jre/lib/i386/libjava.so
b64c9000-b64ca000 rw-p 00027000 08:05 2493697    /usr/lib/jvm/java-7-openjdk-i386/jre/lib/i386/libjava.so
b64ca000-b64d1000 r-xp 00000000 08:05 5375096    /lib/i386-linux-gnu/librt-2.19.so
b64d1000-b64d2000 r--p 00006000 08:05 5375096    /lib/i386-linux-gnu/librt-2.19.so
b64d2000-b64d3000 rw-p 00007000 08:05 5375096    /lib/i386-linux-gnu/librt-2.19.so
b64d3000-b64d6000 ---p 00000000 00:00 0 
b64d6000-b6524000 rw-p 00000000 00:00 0          [stack:14205]
b6524000-b6540000 r-xp 00000000 08:05 5374994    /lib/i386-linux-gnu/libgcc_s.so.1
b6540000-b6541000 rw-p 0001b000 08:05 5374994    /lib/i386-linux-gnu/libgcc_s.so.1
b6541000-b6585000 r-xp 00000000 08:05 5375018    /lib/i386-linux-gnu/libm-2.19.so
b6585000-b6586000 r--p 00043000 08:05 5375018    /lib/i386-linux-gnu/libm-2.19.so
b6586000-b6587000 rw-p 00044000 08:05 5375018    /lib/i386-linux-gnu/libm-2.19.so
b6587000-b6663000 r-xp 00000000 08:05 2366128    /usr/lib/i386-linux-gnu/libstdc++.so.6.0.19
b6663000-b6664000 ---p 000dc000 08:05 2366128    /usr/lib/i386-linux-gnu/libstdc++.so.6.0.19
b6664000-b6668000 r--p 000dc000 08:05 2366128    /usr/lib/i386-linux-gnu/libstdc++.so.6.0.19
b6668000-b6669000 rw-p 000e0000 08:05 2366128    /usr/lib/i386-linux-gnu/libstdc++.so.6.0.19
b6669000-b6670000 rw-p 00000000 00:00 0 
b6670000-b705b000 r-xp 00000000 08:05 2493729    /usr/lib/jvm/java-7-openjdk-i386/jre/lib/i386/server/libjvm.so
b705b000-b705c000 ---p 009eb000 08:05 2493729    /usr/lib/jvm/java-7-openjdk-i386/jre/lib/i386/server/libjvm.so
b705c000-b70ae000 r--p 009eb000 08:05 2493729    /usr/lib/jvm/java-7-openjdk-i386/jre/lib/i386/server/libjvm.so
b70ae000-b70c2000 rw-p 00a3d000 08:05 2493729    /usr/lib/jvm/java-7-openjdk-i386/jre/lib/i386/server/libjvm.so
b70c2000-b74df000 rw-p 00000000 00:00 0 
b74df000-b74f7000 r-xp 00000000 08:05 5375131    /lib/i386-linux-gnu/libz.so.1.2.8
b74f7000-b74f8000 r--p 00017000 08:05 5375131    /lib/i386-linux-gnu/libz.so.1.2.8
b74f8000-b74f9000 rw-p 00018000 08:05 5375131    /lib/i386-linux-gnu/libz.so.1.2.8
b74f9000-b74fa000 rw-p 00000000 00:00 0 
b74fa000-b7512000 r-xp 00000000 08:05 5375088    /lib/i386-linux-gnu/libpthread-2.19.so
b7512000-b7513000 r--p 00017000 08:05 5375088    /lib/i386-linux-gnu/libpthread-2.19.so
b7513000-b7514000 rw-p 00018000 08:05 5375088    /lib/i386-linux-gnu/libpthread-2.19.so
b7514000-b7516000 rw-p 00000000 00:00 0 
b7516000-b7519000 r-xp 00000000 08:05 5374984    /lib/i386-linux-gnu/libdl-2.19.so
b7519000-b751a000 r--p 00002000 08:05 5374984    /lib/i386-linux-gnu/libdl-2.19.so
b751a000-b751b000 rw-p 00003000 08:05 5374984    /lib/i386-linux-gnu/libdl-2.19.so
b751b000-b76c4000 r-xp 00000000 08:05 5374967    /lib/i386-linux-gnu/libc-2.19.so
b76c4000-b76c5000 ---p 001a9000 08:05 5374967    /lib/i386-linux-gnu/libc-2.19.so
b76c5000-b76c7000 r--p 001a9000 08:05 5374967    /lib/i386-linux-gnu/libc-2.19.so
b76c7000-b76c8000 rw-p 001ab000 08:05 5374967    /lib/i386-linux-gnu/libc-2.19.so
b76c8000-b76cb000 rw-p 00000000 00:00 0 
b76cb000-b76cc000 r--p 002c5000 08:05 2366510    /usr/lib/locale/locale-archive
b76cc000-b76cf000 r-xp 00000000 08:05 2493712    /usr/lib/jvm/java-7-openjdk-i386/jre/lib/i386/libnpt.so
b76cf000-b76d0000 r--p 00002000 08:05 2493712    /usr/lib/jvm/java-7-openjdk-i386/jre/lib/i386/libnpt.so
b76d0000-b76d1000 rw-p 00003000 08:05 2493712    /usr/lib/jvm/java-7-openjdk-i386/jre/lib/i386/libnpt.so
b76d1000-b76d2000 rw-p 00000000 00:00 0 
b76d2000-b76d3000 r--p 00000000 00:00 0 
b76d3000-b76e1000 r-xp 00000000 08:05 2493717    /usr/lib/jvm/java-7-openjdk-i386/jre/lib/i386/libverify.so
b76e1000-b76e2000 r--p 0000d000 08:05 2493717    /usr/lib/jvm/java-7-openjdk-i386/jre/lib/i386/libverify.so
b76e2000-b76e3000 rw-p 0000e000 08:05 2493717    /usr/lib/jvm/java-7-openjdk-i386/jre/lib/i386/libverify.so
b76e3000-b76ef000 r-xp 00000000 08:05 2493725    /usr/lib/jvm/java-7-openjdk-i386/jre/lib/i386/jli/libjli.so
b76ef000-b76f0000 r--p 0000c000 08:05 2493725    /usr/lib/jvm/java-7-openjdk-i386/jre/lib/i386/jli/libjli.so
b76f0000-b76f1000 rw-p 0000d000 08:05 2493725    /usr/lib/jvm/java-7-openjdk-i386/jre/lib/i386/jli/libjli.so
b76f1000-b76f4000 rw-p 00000000 00:00 0 
b76f4000-b76f5000 r-xp 00000000 00:00 0          [vdso]
b76f5000-b7715000 r-xp 00000000 08:05 5374943    /lib/i386-linux-gnu/ld-2.19.so
b7715000-b7716000 r--p 0001f000 08:05 5374943    /lib/i386-linux-gnu/ld-2.19.so
b7716000-b7717000 rw-p 00020000 08:05 5374943    /lib/i386-linux-gnu/ld-2.19.so
bfe13000-bfe14000 rwxp 00000000 00:00 0 
bfe46000-bfe67000 rw-p 00000000 00:00 0          [stack]

VM Arguments:
jvm_args: -agentlib:jdwp=transport=dt_socket,suspend=y,address=localhost:58759 -Dfile.encoding=UTF-8 
java_command: main.App
Launcher Type: SUN_STANDARD

Environment Variables:
PATH=/usr/local/sbin:/usr/local/bin:/usr/sbin:/usr/bin:/sbin:/bin:/usr/games:/usr/local/games
USERNAME=masha
LD_LIBRARY_PATH=/usr/lib/jvm/java-7-openjdk-i386/jre/lib/i386/server:/usr/lib/jvm/java-7-openjdk-i386/jre/lib/i386:/usr/lib/jvm/java-7-openjdk-i386/jre/../lib/i386:/usr/lib/jvm/java-7-openjdk-i386/jre/lib/i386/client:/usr/lib/jvm/java-7-openjdk-i386/jre/lib/i386:
SHELL=/bin/bash
DISPLAY=:0.0

Signal Handlers:
SIGSEGV: [libjvm.so+0x80a5e0], sa_mask[0]=0x7ffbfeff, sa_flags=0x10000004
SIGBUS: [libjvm.so+0x80a5e0], sa_mask[0]=0x7ffbfeff, sa_flags=0x10000004
SIGFPE: [libjvm.so+0x6844f0], sa_mask[0]=0x7ffbfeff, sa_flags=0x10000004
SIGPIPE: [libjvm.so+0x6844f0], sa_mask[0]=0x7ffbfeff, sa_flags=0x10000004
SIGXFSZ: [libjvm.so+0x6844f0], sa_mask[0]=0x7ffbfeff, sa_flags=0x10000004
SIGILL: [libjvm.so+0x6844f0], sa_mask[0]=0x7ffbfeff, sa_flags=0x10000004
SIGUSR1: SIG_DFL, sa_mask[0]=0x00000000, sa_flags=0x00000000
SIGUSR2: [libjvm.so+0x684380], sa_mask[0]=0x00000004, sa_flags=0x10000004
SIGHUP: [libjvm.so+0x6845b0], sa_mask[0]=0x7ffbfeff, sa_flags=0x10000004
SIGINT: [libjvm.so+0x6845b0], sa_mask[0]=0x7ffbfeff, sa_flags=0x10000004
SIGTERM: [libjvm.so+0x6845b0], sa_mask[0]=0x7ffbfeff, sa_flags=0x10000004
SIGQUIT: [libjvm.so+0x6845b0], sa_mask[0]=0x7ffbfeff, sa_flags=0x10000004
SIGTRAP: SIG_DFL, sa_mask[0]=0x00000000, sa_flags=0x00000000


---------------  S Y S T E M  ---------------

OS:LinuxMint 17.1 (rebecca)
uname:Linux 3.13.0-37-generic #64-Ubuntu SMP Mon Sep 22 21:30:01 UTC 2014 i686
libc:glibc 2.19 NPTL 2.19 
rlimit: STACK 8192k, CORE 0k, NPROC 31361, NOFILE 4096, AS infinity
load average:0.38 0.56 0.54

/proc/meminfo:
MemTotal:        4042264 kB
MemFree:          249560 kB
Buffers:          160180 kB
Cached:          1243548 kB
SwapCached:            0 kB
Active:          2620564 kB
Inactive:        1024588 kB
Active(anon):    2124596 kB
Inactive(anon):   525436 kB
Active(file):     495968 kB
Inactive(file):   499152 kB
Unevictable:         152 kB
Mlocked:             152 kB
HighTotal:       3193380 kB
HighFree:          95444 kB
LowTotal:         848884 kB
LowFree:          154116 kB
SwapTotal:       3472380 kB
SwapFree:        3472084 kB
Dirty:              4236 kB
Writeback:             0 kB
AnonPages:       2241552 kB
Mapped:           372896 kB
Shmem:            408608 kB
Slab:              87548 kB
SReclaimable:      62536 kB
SUnreclaim:        25012 kB
KernelStack:       12648 kB
PageTables:        21368 kB
NFS_Unstable:          0 kB
Bounce:                0 kB
WritebackTmp:          0 kB
CommitLimit:     5493512 kB
Committed_AS:   11532060 kB
VmallocTotal:     122880 kB
VmallocUsed:       20648 kB
VmallocChunk:      97864 kB
HardwareCorrupted:     0 kB
AnonHugePages:    892928 kB
HugePages_Total:       0
HugePages_Free:        0
HugePages_Rsvd:        0
HugePages_Surp:        0
Hugepagesize:       2048 kB
DirectMap4k:       40952 kB
DirectMap2M:      872448 kB


CPU:total 2 (2 cores per cpu, 1 threads per core) family 6 model 42 stepping 7, cmov, cx8, fxsr, mmx, sse, sse2, sse3, ssse3, sse4.1, sse4.2, popcnt, tsc, tscinvbit

/proc/cpuinfo:
processor	: 0
vendor_id	: GenuineIntel
cpu family	: 6
model		: 42
model name	: Intel(R) Pentium(R) CPU B950 @ 2.10GHz
stepping	: 7
microcode	: 0x1b
cpu MHz		: 2100.000
cache size	: 2048 KB
physical id	: 0
siblings	: 2
core id		: 0
cpu cores	: 2
apicid		: 0
initial apicid	: 0
fdiv_bug	: no
f00f_bug	: no
coma_bug	: no
fpu		: yes
fpu_exception	: yes
cpuid level	: 13
wp		: yes
flags		: fpu vme de pse tsc msr pae mce cx8 apic sep mtrr pge mca cmov pat pse36 clflush dts acpi mmx fxsr sse sse2 ss ht tm pbe nx rdtscp lm constant_tsc arch_perfmon pebs bts xtopology nonstop_tsc aperfmperf eagerfpu pni pclmulqdq dtes64 monitor ds_cpl est tm2 ssse3 cx16 xtpr pdcm pcid sse4_1 sse4_2 x2apic popcnt tsc_deadline_timer xsave lahf_lm arat epb xsaveopt pln pts dtherm
bogomips	: 4190.43
clflush size	: 64
cache_alignment	: 64
address sizes	: 36 bits physical, 48 bits virtual
power management:

processor	: 1
vendor_id	: GenuineIntel
cpu family	: 6
model		: 42
model name	: Intel(R) Pentium(R) CPU B950 @ 2.10GHz
stepping	: 7
microcode	: 0x1b
cpu MHz		: 2100.000
cache size	: 2048 KB
physical id	: 0
siblings	: 2
core id		: 1
cpu cores	: 2
apicid		: 2
initial apicid	: 2
fdiv_bug	: no
f00f_bug	: no
coma_bug	: no
fpu		: yes
fpu_exception	: yes
cpuid level	: 13
wp		: yes
flags		: fpu vme de pse tsc msr pae mce cx8 apic sep mtrr pge mca cmov pat pse36 clflush dts acpi mmx fxsr sse sse2 ss ht tm pbe nx rdtscp lm constant_tsc arch_perfmon pebs bts xtopology nonstop_tsc aperfmperf eagerfpu pni pclmulqdq dtes64 monitor ds_cpl est tm2 ssse3 cx16 xtpr pdcm pcid sse4_1 sse4_2 x2apic popcnt tsc_deadline_timer xsave lahf_lm arat epb xsaveopt pln pts dtherm
bogomips	: 4190.43
clflush size	: 64
cache_alignment	: 64
address sizes	: 36 bits physical, 48 bits virtual
power management:



Memory: 4k page, physical 4042264k(249560k free), swap 3472380k(3472084k free)

vm_info: OpenJDK Server VM (24.65-b04) for linux-x86 JRE (1.7.0_65-b32), built on Oct 22 2014 04:44:59 by "buildd" with gcc 4.8.2

time: Sun Oct 18 18:10:39 2015
elapsed time: 18 seconds

