#
# A fatal error has been detected by the Java Runtime Environment:
#
#  SIGSEGV (0xb) at pc=0xb6eed8d9, pid=8889, tid=1780005696
#
# JRE version: OpenJDK Runtime Environment (7.0_65-b32) (build 1.7.0_65-b32)
# Java VM: OpenJDK Server VM (24.65-b04 mixed mode linux-x86 )
# Derivative: IcedTea 2.5.3
# Distribution: Ubuntu 14.04 LTS, package 7u71-2.5.3-0ubuntu0.14.04.1
# Problematic frame:
# V  [libjvm.so+0x7fd8d9]  interpretedVFrame::monitors() const+0x199
#
# Failed to write core dump. Core dumps have been disabled. To enable core dumping, try "ulimit -c unlimited" before starting Java again
#
# If you would like to submit a bug report, please include
# instructions on how to reproduce the bug and visit:
#   http://icedtea.classpath.org/bugzilla
#

---------------  T H R E A D  ---------------

Current thread (0x6a32f400):  JavaThread "JDWP Transport Listener: dt_socket" daemon [_thread_in_vm, id=8903, stack(0x6a13b000,0x6a18c000)]

siginfo:si_signo=SIGSEGV: si_errno=0, si_code=2 (SEGV_ACCERR), si_addr=0xb6555ff8

Registers:
EAX=0xb6555ff4, EBX=0xb712e000, ECX=0x09308fd8, EDX=0x6ce14010
ESP=0x6a18abe0, EBP=0x00009a07, ESI=0x6a32f868, EDI=0x6a32fa08
EIP=0xb6eed8d9, EFLAGS=0x00010216, CR2=0xb6555ff8

Top of Stack: (sp=0x6a18abe0)
0x6a18abe0:   6a18ac18 b6555ffc 00000003 6a18ac14
0x6a18abf0:   b6555ff4 6a18ac18 6ce14010 092b6f48
0x6a18ac00:   b65a3034 b319a305 b3190a48 00000000
0x6a18ac10:   b65a3054 b65a3034 b65a3034 b319a305
0x6a18ac20:   b3190a48 00000000 b65a3054 b65a3034
0x6a18ac30:   00000006 00000006 b6eed749 b712e000
0x6a18ac40:   00000000 6a32fc54 6a32f868 b6c4d677
0x6a18ac50:   6a32f868 b65a3034 b65a3034 b760f285 

Instructions: (pc=0xb6eed8d9)
0xb6eed8b9:   46 18 89 44 24 4c 8b 44 24 14 89 04 24 e8 15 d9
0xb6eed8c9:   be ff 39 44 24 10 0f 82 eb 00 00 00 8b 44 24 10
0xb6eed8d9:   8b 68 04 c7 44 24 04 00 00 00 00 c7 04 24 10 00
0xb6eed8e9:   00 00 e8 70 e7 f0 ff 85 c0 89 c1 74 18 89 28 c7 

Register to memory mapping:

EAX=0xb6555ff4 is pointing into the stack for thread: 0xb6409000
EBX=0xb712e000: <offset 0xa3e000> in /usr/lib/jvm/java-7-openjdk-i386/jre/lib/i386/server/libjvm.so at 0xb66f0000
ECX=0x09308fd8 is an unknown value
EDX=0x6ce14010 is an unknown value
ESP=0x6a18abe0 is pointing into the stack for thread: 0x6a32f400
EBP=0x00009a07 is an unknown value
ESI=0x6a32f868 is an unknown value
EDI=0x6a32fa08 is an unknown value


Stack: [0x6a13b000,0x6a18c000],  sp=0x6a18abe0,  free space=318k
Native frames: (J=compiled Java code, j=interpreted, Vv=VM code, C=native code)
V  [libjvm.so+0x7fd8d9]  interpretedVFrame::monitors() const+0x199


---------------  P R O C E S S  ---------------

Java Threads: ( => current thread )
  0x6a338000 JavaThread "Service Thread" daemon [_thread_blocked, id=8913, stack(0x69f46000,0x69f97000)]
  0x6a335800 JavaThread "C2 CompilerThread1" daemon [_thread_blocked, id=8912, stack(0x69f97000,0x6a018000)]
  0x6a333800 JavaThread "C2 CompilerThread0" daemon [_thread_blocked, id=8910, stack(0x6a018000,0x6a099000)]
  0x0925c800 JavaThread "JDWP Command Reader" daemon [_thread_in_native, id=8907, stack(0x6a099000,0x6a0ea000)]
  0x6a331c00 JavaThread "JDWP Event Helper Thread" daemon [_thread_blocked, id=8906, stack(0x6a0ea000,0x6a13b000)]
=>0x6a32f400 JavaThread "JDWP Transport Listener: dt_socket" daemon [_thread_in_vm, id=8903, stack(0x6a13b000,0x6a18c000)]
  0x6a326c00 JavaThread "Signal Dispatcher" daemon [_thread_blocked, id=8901, stack(0x6a18c000,0x6a1dd000)]
  0x6a314800 JavaThread "Finalizer" daemon [_thread_blocked, id=8900, stack(0x6a1dd000,0x6a22e000)]
  0x6a313000 JavaThread "Reference Handler" daemon [_thread_blocked, id=8899, stack(0x6a22e000,0x6a27f000)]
  0xb6409000 JavaThread "main" [_thread_blocked, id=8895, stack(0xb6553000,0xb65a4000)]

Other Threads:
  0x6a310400 VMThread [stack: 0x6a27f000,0x6a300000] [id=8898]
  0x6a339c00 WatcherThread [stack: 0x69ec5000,0x69f46000] [id=8914]

VM state:not at safepoint (normal execution)

VM Mutex/Monitor currently owned by a thread: None

Heap
 PSYoungGen      total 18688K, used 967K [0x9e740000, 0x9fc00000, 0xb30c0000)
  eden space 16128K, 6% used [0x9e740000,0x9e831f60,0x9f700000)
  from space 2560K, 0% used [0x9f980000,0x9f980000,0x9fc00000)
  to   space 2560K, 0% used [0x9f700000,0x9f700000,0x9f980000)
 ParOldGen       total 41984K, used 0K [0x754c0000, 0x77dc0000, 0x9e740000)
  object space 41984K, 0% used [0x754c0000,0x754c0000,0x77dc0000)
 PSPermGen       total 16384K, used 2430K [0x6d4c0000, 0x6e4c0000, 0x754c0000)
  object space 16384K, 14% used [0x6d4c0000,0x6d71fb98,0x6e4c0000)

Card table byte_map: [0x6d291000,0x6d4c0000] byte_map_base: 0x6cf26a00

Polling page: 0xb7752000

Code Cache  [0xb318e000, 0xb33ce000, 0xb618e000)
 total_blobs=109 nmethods=1 adapters=71 free_code_cache=48859Kb largest_free_block=50015424

Compilation events (2 events):
Event: 0.283 Thread 0x6a333800    1             java.lang.String::indexOf (70 bytes)
Event: 0.295 Thread 0x6a333800 nmethod 1 0xb31d7708 code [0xb31d7820, 0xb31d79dc]

GC Heap History (0 events):
No events

Deoptimization events (0 events):
No events

Internal exceptions (10 events):
Event: 0.241 Thread 0xb6409000 Threw 0x9e7864e8 at /build/buildd/openjdk-7-7u71-2.5.3/build/openjdk/hotspot/src/share/vm/prims/jvm.cpp:1284
Event: 0.267 Thread 0xb6409000 Threw 0x9e7f5d50 at /build/buildd/openjdk-7-7u71-2.5.3/build/openjdk/hotspot/src/share/vm/prims/jvm.cpp:1284
Event: 0.267 Thread 0xb6409000 Threw 0x9e7f5e68 at /build/buildd/openjdk-7-7u71-2.5.3/build/openjdk/hotspot/src/share/vm/prims/jvm.cpp:1284
Event: 0.268 Thread 0xb6409000 Threw 0x9e7f81c0 at /build/buildd/openjdk-7-7u71-2.5.3/build/openjdk/hotspot/src/share/vm/prims/jvm.cpp:1284
Event: 0.268 Thread 0xb6409000 Threw 0x9e7f82d8 at /build/buildd/openjdk-7-7u71-2.5.3/build/openjdk/hotspot/src/share/vm/prims/jvm.cpp:1284
Event: 0.268 Thread 0xb6409000 Threw 0x9e7f8b50 at /build/buildd/openjdk-7-7u71-2.5.3/build/openjdk/hotspot/src/share/vm/prims/jvm.cpp:1284
Event: 0.268 Thread 0xb6409000 Threw 0x9e7f8c68 at /build/buildd/openjdk-7-7u71-2.5.3/build/openjdk/hotspot/src/share/vm/prims/jvm.cpp:1284
Event: 0.282 Thread 0xb6409000 Threw 0x9e807e30 at /build/buildd/openjdk-7-7u71-2.5.3/build/openjdk/hotspot/src/share/vm/prims/jvm.cpp:1284
Event: 0.282 Thread 0xb6409000 Threw 0x9e8099a8 at /build/buildd/openjdk-7-7u71-2.5.3/build/openjdk/hotspot/src/share/vm/prims/jvm.cpp:1284
Event: 0.282 Thread 0xb6409000 Threw 0x9e80b4e8 at /build/buildd/openjdk-7-7u71-2.5.3/build/openjdk/hotspot/src/share/vm/prims/jvm.cpp:1284

Events (10 events):
Event: 4.242 Executing VM operation: EnableBiasedLocking
Event: 4.242 Executing VM operation: EnableBiasedLocking done
Event: 127.280 Executing VM operation: GetCurrentLocation
Event: 127.280 Executing VM operation: GetCurrentLocation done
Event: 127.280 Executing VM operation: EnterInterpOnlyMode
Event: 127.280 Executing VM operation: EnterInterpOnlyMode done
Event: 127.280 Executing VM operation: ChangeSingleStep
Event: 127.280 Executing VM operation: ChangeSingleStep done
Event: 127.280 Executing VM operation: ChangeSingleStep
Event: 127.280 Executing VM operation: ChangeSingleStep done


Dynamic libraries:
08048000-08049000 r-xp 00000000 08:05 2493618    /usr/lib/jvm/java-7-openjdk-i386/jre/bin/java
08049000-0804a000 r--p 00000000 08:05 2493618    /usr/lib/jvm/java-7-openjdk-i386/jre/bin/java
0804a000-0804b000 rw-p 00001000 08:05 2493618    /usr/lib/jvm/java-7-openjdk-i386/jre/bin/java
0925a000-09327000 rw-p 00000000 00:00 0          [heap]
69cb5000-69ec5000 rw-p 00000000 00:00 0 
69ec5000-69ec6000 ---p 00000000 00:00 0 
69ec6000-69f46000 rw-p 00000000 00:00 0          [stack:8914]
69f46000-69f49000 ---p 00000000 00:00 0 
69f49000-69f97000 rw-p 00000000 00:00 0          [stack:8913]
69f97000-69f9a000 ---p 00000000 00:00 0 
69f9a000-6a018000 rw-p 00000000 00:00 0          [stack:8912]
6a018000-6a01b000 ---p 00000000 00:00 0 
6a01b000-6a099000 rw-p 00000000 00:00 0          [stack:8910]
6a099000-6a09c000 ---p 00000000 00:00 0 
6a09c000-6a0ea000 rw-p 00000000 00:00 0          [stack:8907]
6a0ea000-6a0ed000 ---p 00000000 00:00 0 
6a0ed000-6a13b000 rw-p 00000000 00:00 0          [stack:8906]
6a13b000-6a13e000 ---p 00000000 00:00 0 
6a13e000-6a18c000 rw-p 00000000 00:00 0          [stack:8903]
6a18c000-6a18f000 ---p 00000000 00:00 0 
6a18f000-6a1dd000 rw-p 00000000 00:00 0          [stack:8901]
6a1dd000-6a1e0000 ---p 00000000 00:00 0 
6a1e0000-6a22e000 rw-p 00000000 00:00 0          [stack:8900]
6a22e000-6a231000 ---p 00000000 00:00 0 
6a231000-6a27f000 rw-p 00000000 00:00 0          [stack:8899]
6a27f000-6a280000 ---p 00000000 00:00 0 
6a280000-6a300000 rw-p 00000000 00:00 0          [stack:8898]
6a300000-6a3f0000 rw-p 00000000 00:00 0 
6a3f0000-6a400000 ---p 00000000 00:00 0 
6a413000-6a5c4000 r--s 01d25000 08:05 2493659    /usr/lib/jvm/java-7-openjdk-i386/jre/lib/rt.jar
6a5c4000-6cd00000 rw-p 00000000 00:00 0 
6cd00000-6cd21000 rw-p 00000000 00:00 0 
6cd21000-6ce00000 ---p 00000000 00:00 0 
6ce14000-6ce3d000 rw-p 00000000 00:00 0 
6ce3d000-6ce41000 r--s 00034000 08:05 2493673    /usr/lib/jvm/java-7-openjdk-i386/jre/lib/ext/sunjce_provider.jar
6ce41000-6cf00000 rw-p 00000000 00:00 0 
6cf00000-6cf21000 rw-p 00000000 00:00 0 
6cf21000-6d000000 ---p 00000000 00:00 0 
6d001000-6d005000 r--s 00085000 08:05 2493672    /usr/lib/jvm/java-7-openjdk-i386/jre/lib/ext/localedata.jar
6d005000-6d006000 ---p 00000000 00:00 0 
6d006000-6d086000 rw-p 00000000 00:00 0          [stack:8897]
6d086000-6d087000 ---p 00000000 00:00 0 
6d087000-6d10f000 rw-p 00000000 00:00 0          [stack:8896]
6d10f000-6d147000 rw-p 00000000 00:00 0 
6d147000-6d15c000 rw-p 00000000 00:00 0 
6d15c000-6d291000 rw-p 00000000 00:00 0 
6d291000-6d299000 rw-p 00000000 00:00 0 
6d299000-6d2d1000 rw-p 00000000 00:00 0 
6d2d1000-6d2e6000 rw-p 00000000 00:00 0 
6d2e6000-6d41a000 rw-p 00000000 00:00 0 
6d41a000-6d425000 rw-p 00000000 00:00 0 
6d425000-6d4bf000 rw-p 00000000 00:00 0 
6d4bf000-6e4c0000 rw-p 00000000 00:00 0 
6e4c0000-754c0000 rw-p 00000000 00:00 0 
754c0000-77dc0000 rw-p 00000000 00:00 0 
77dc0000-9e740000 rw-p 00000000 00:00 0 
9e740000-9fc00000 rw-p 00000000 00:00 0 
9fc00000-b30c0000 rw-p 00000000 00:00 0 
b30c1000-b30c2000 rw-p 00000000 00:00 0 
b30c2000-b30c3000 r--s 00002000 08:05 2493668    /usr/lib/jvm/java-7-openjdk-i386/jre/lib/ext/dnsns.jar
b30c3000-b30c7000 r--s 0003c000 08:05 2493674    /usr/lib/jvm/java-7-openjdk-i386/jre/lib/ext/sunpkcs11.jar
b30c7000-b30ca000 r--s 0000f000 08:05 2493669    /usr/lib/jvm/java-7-openjdk-i386/jre/lib/ext/icedtea-sound.jar
b30ca000-b30cc000 r--s 00006000 08:05 2889721    /usr/share/java/java-atk-wrapper.jar
b30cc000-b30ce000 r--s 00012000 08:05 2493675    /usr/lib/jvm/java-7-openjdk-i386/jre/lib/ext/zipfs.jar
b30ce000-b30d7000 rw-p 00000000 00:00 0 
b30d7000-b318e000 rw-p 00000000 00:00 0 
b318e000-b33ce000 rwxp 00000000 00:00 0 
b33ce000-b618e000 rw-p 00000000 00:00 0 
b618e000-b6199000 r-xp 00000000 08:05 5375043    /lib/i386-linux-gnu/libnss_files-2.19.so
b6199000-b619a000 r--p 0000a000 08:05 5375043    /lib/i386-linux-gnu/libnss_files-2.19.so
b619a000-b619b000 rw-p 0000b000 08:05 5375043    /lib/i386-linux-gnu/libnss_files-2.19.so
b619b000-b61a5000 r-xp 00000000 08:05 5375053    /lib/i386-linux-gnu/libnss_nis-2.19.so
b61a5000-b61a6000 r--p 00009000 08:05 5375053    /lib/i386-linux-gnu/libnss_nis-2.19.so
b61a6000-b61a7000 rw-p 0000a000 08:05 5375053    /lib/i386-linux-gnu/libnss_nis-2.19.so
b61a7000-b61bc000 r-xp 00000000 08:05 5375037    /lib/i386-linux-gnu/libnsl-2.19.so
b61bc000-b61bd000 r--p 00015000 08:05 5375037    /lib/i386-linux-gnu/libnsl-2.19.so
b61bd000-b61be000 rw-p 00016000 08:05 5375037    /lib/i386-linux-gnu/libnsl-2.19.so
b61be000-b61c0000 rw-p 00000000 00:00 0 
b61c0000-b63c0000 r--p 00000000 08:05 2366510    /usr/lib/locale/locale-archive
b63c0000-b63fe000 r-xp 00000000 08:05 2493703    /usr/lib/jvm/java-7-openjdk-i386/jre/lib/i386/libjdwp.so
b63fe000-b63ff000 r--p 0003d000 08:05 2493703    /usr/lib/jvm/java-7-openjdk-i386/jre/lib/i386/libjdwp.so
b63ff000-b6400000 rw-p 0003e000 08:05 2493703    /usr/lib/jvm/java-7-openjdk-i386/jre/lib/i386/libjdwp.so
b6400000-b64fe000 rw-p 00000000 00:00 0 
b64fe000-b6500000 ---p 00000000 00:00 0 
b6500000-b6507000 r-xp 00000000 08:05 5375039    /lib/i386-linux-gnu/libnss_compat-2.19.so
b6507000-b6508000 r--p 00006000 08:05 5375039    /lib/i386-linux-gnu/libnss_compat-2.19.so
b6508000-b6509000 rw-p 00007000 08:05 5375039    /lib/i386-linux-gnu/libnss_compat-2.19.so
b6509000-b650d000 r-xp 00000000 08:05 2493687    /usr/lib/jvm/java-7-openjdk-i386/jre/lib/i386/libdt_socket.so
b650d000-b650e000 r--p 00003000 08:05 2493687    /usr/lib/jvm/java-7-openjdk-i386/jre/lib/i386/libdt_socket.so
b650e000-b650f000 rw-p 00004000 08:05 2493687    /usr/lib/jvm/java-7-openjdk-i386/jre/lib/i386/libdt_socket.so
b650f000-b6517000 r-xp 00000000 08:05 2493718    /usr/lib/jvm/java-7-openjdk-i386/jre/lib/i386/libzip.so
b6517000-b6518000 r--p 00007000 08:05 2493718    /usr/lib/jvm/java-7-openjdk-i386/jre/lib/i386/libzip.so
b6518000-b6519000 rw-p 00008000 08:05 2493718    /usr/lib/jvm/java-7-openjdk-i386/jre/lib/i386/libzip.so
b6519000-b6521000 rw-s 00000000 08:05 3702659    /tmp/hsperfdata_masha/8889
b6521000-b6548000 r-xp 00000000 08:05 2493697    /usr/lib/jvm/java-7-openjdk-i386/jre/lib/i386/libjava.so
b6548000-b6549000 r--p 00026000 08:05 2493697    /usr/lib/jvm/java-7-openjdk-i386/jre/lib/i386/libjava.so
b6549000-b654a000 rw-p 00027000 08:05 2493697    /usr/lib/jvm/java-7-openjdk-i386/jre/lib/i386/libjava.so
b654a000-b6551000 r-xp 00000000 08:05 5375096    /lib/i386-linux-gnu/librt-2.19.so
b6551000-b6552000 r--p 00006000 08:05 5375096    /lib/i386-linux-gnu/librt-2.19.so
b6552000-b6553000 rw-p 00007000 08:05 5375096    /lib/i386-linux-gnu/librt-2.19.so
b6553000-b6556000 ---p 00000000 00:00 0 
b6556000-b65a4000 rw-p 00000000 00:00 0          [stack:8895]
b65a4000-b65c0000 r-xp 00000000 08:05 5374994    /lib/i386-linux-gnu/libgcc_s.so.1
b65c0000-b65c1000 rw-p 0001b000 08:05 5374994    /lib/i386-linux-gnu/libgcc_s.so.1
b65c1000-b6605000 r-xp 00000000 08:05 5375018    /lib/i386-linux-gnu/libm-2.19.so
b6605000-b6606000 r--p 00043000 08:05 5375018    /lib/i386-linux-gnu/libm-2.19.so
b6606000-b6607000 rw-p 00044000 08:05 5375018    /lib/i386-linux-gnu/libm-2.19.so
b6607000-b66e3000 r-xp 00000000 08:05 2366128    /usr/lib/i386-linux-gnu/libstdc++.so.6.0.19
b66e3000-b66e4000 ---p 000dc000 08:05 2366128    /usr/lib/i386-linux-gnu/libstdc++.so.6.0.19
b66e4000-b66e8000 r--p 000dc000 08:05 2366128    /usr/lib/i386-linux-gnu/libstdc++.so.6.0.19
b66e8000-b66e9000 rw-p 000e0000 08:05 2366128    /usr/lib/i386-linux-gnu/libstdc++.so.6.0.19
b66e9000-b66f0000 rw-p 00000000 00:00 0 
b66f0000-b70db000 r-xp 00000000 08:05 2493729    /usr/lib/jvm/java-7-openjdk-i386/jre/lib/i386/server/libjvm.so
b70db000-b70dc000 ---p 009eb000 08:05 2493729    /usr/lib/jvm/java-7-openjdk-i386/jre/lib/i386/server/libjvm.so
b70dc000-b712e000 r--p 009eb000 08:05 2493729    /usr/lib/jvm/java-7-openjdk-i386/jre/lib/i386/server/libjvm.so
b712e000-b7142000 rw-p 00a3d000 08:05 2493729    /usr/lib/jvm/java-7-openjdk-i386/jre/lib/i386/server/libjvm.so
b7142000-b755f000 rw-p 00000000 00:00 0 
b755f000-b7577000 r-xp 00000000 08:05 5375131    /lib/i386-linux-gnu/libz.so.1.2.8
b7577000-b7578000 r--p 00017000 08:05 5375131    /lib/i386-linux-gnu/libz.so.1.2.8
b7578000-b7579000 rw-p 00018000 08:05 5375131    /lib/i386-linux-gnu/libz.so.1.2.8
b7579000-b757a000 rw-p 00000000 00:00 0 
b757a000-b7592000 r-xp 00000000 08:05 5375088    /lib/i386-linux-gnu/libpthread-2.19.so
b7592000-b7593000 r--p 00017000 08:05 5375088    /lib/i386-linux-gnu/libpthread-2.19.so
b7593000-b7594000 rw-p 00018000 08:05 5375088    /lib/i386-linux-gnu/libpthread-2.19.so
b7594000-b7596000 rw-p 00000000 00:00 0 
b7596000-b7599000 r-xp 00000000 08:05 5374984    /lib/i386-linux-gnu/libdl-2.19.so
b7599000-b759a000 r--p 00002000 08:05 5374984    /lib/i386-linux-gnu/libdl-2.19.so
b759a000-b759b000 rw-p 00003000 08:05 5374984    /lib/i386-linux-gnu/libdl-2.19.so
b759b000-b7744000 r-xp 00000000 08:05 5374967    /lib/i386-linux-gnu/libc-2.19.so
b7744000-b7745000 ---p 001a9000 08:05 5374967    /lib/i386-linux-gnu/libc-2.19.so
b7745000-b7747000 r--p 001a9000 08:05 5374967    /lib/i386-linux-gnu/libc-2.19.so
b7747000-b7748000 rw-p 001ab000 08:05 5374967    /lib/i386-linux-gnu/libc-2.19.so
b7748000-b774b000 rw-p 00000000 00:00 0 
b774b000-b774c000 r--p 002c5000 08:05 2366510    /usr/lib/locale/locale-archive
b774c000-b774f000 r-xp 00000000 08:05 2493712    /usr/lib/jvm/java-7-openjdk-i386/jre/lib/i386/libnpt.so
b774f000-b7750000 r--p 00002000 08:05 2493712    /usr/lib/jvm/java-7-openjdk-i386/jre/lib/i386/libnpt.so
b7750000-b7751000 rw-p 00003000 08:05 2493712    /usr/lib/jvm/java-7-openjdk-i386/jre/lib/i386/libnpt.so
b7751000-b7752000 rw-p 00000000 00:00 0 
b7752000-b7753000 r--p 00000000 00:00 0 
b7753000-b7761000 r-xp 00000000 08:05 2493717    /usr/lib/jvm/java-7-openjdk-i386/jre/lib/i386/libverify.so
b7761000-b7762000 r--p 0000d000 08:05 2493717    /usr/lib/jvm/java-7-openjdk-i386/jre/lib/i386/libverify.so
b7762000-b7763000 rw-p 0000e000 08:05 2493717    /usr/lib/jvm/java-7-openjdk-i386/jre/lib/i386/libverify.so
b7763000-b776f000 r-xp 00000000 08:05 2493725    /usr/lib/jvm/java-7-openjdk-i386/jre/lib/i386/jli/libjli.so
b776f000-b7770000 r--p 0000c000 08:05 2493725    /usr/lib/jvm/java-7-openjdk-i386/jre/lib/i386/jli/libjli.so
b7770000-b7771000 rw-p 0000d000 08:05 2493725    /usr/lib/jvm/java-7-openjdk-i386/jre/lib/i386/jli/libjli.so
b7771000-b7774000 rw-p 00000000 00:00 0 
b7774000-b7775000 r-xp 00000000 00:00 0          [vdso]
b7775000-b7795000 r-xp 00000000 08:05 5374943    /lib/i386-linux-gnu/ld-2.19.so
b7795000-b7796000 r--p 0001f000 08:05 5374943    /lib/i386-linux-gnu/ld-2.19.so
b7796000-b7797000 rw-p 00020000 08:05 5374943    /lib/i386-linux-gnu/ld-2.19.so
bff04000-bff05000 rwxp 00000000 00:00 0 
bff37000-bff58000 rw-p 00000000 00:00 0          [stack]

VM Arguments:
jvm_args: -agentlib:jdwp=transport=dt_socket,suspend=y,address=localhost:35266 -Dfile.encoding=UTF-8 
java_command: main.App
Launcher Type: SUN_STANDARD

Environment Variables:
PATH=/usr/local/sbin:/usr/local/bin:/usr/sbin:/usr/bin:/sbin:/bin:/usr/games:/usr/local/games
USERNAME=masha
LD_LIBRARY_PATH=/usr/lib/jvm/java-7-openjdk-i386/jre/lib/i386/server:/usr/lib/jvm/java-7-openjdk-i386/jre/lib/i386:/usr/lib/jvm/java-7-openjdk-i386/jre/../lib/i386:/usr/lib/jvm/java-7-openjdk-i386/jre/lib/i386/client:/usr/lib/jvm/java-7-openjdk-i386/jre/lib/i386:
SHELL=/bin/bash
DISPLAY=:0.0

Signal Handlers:
SIGSEGV: [libjvm.so+0x80a5e0], sa_mask[0]=0x7ffbfeff, sa_flags=0x10000004
SIGBUS: [libjvm.so+0x80a5e0], sa_mask[0]=0x7ffbfeff, sa_flags=0x10000004
SIGFPE: [libjvm.so+0x6844f0], sa_mask[0]=0x7ffbfeff, sa_flags=0x10000004
SIGPIPE: [libjvm.so+0x6844f0], sa_mask[0]=0x7ffbfeff, sa_flags=0x10000004
SIGXFSZ: [libjvm.so+0x6844f0], sa_mask[0]=0x7ffbfeff, sa_flags=0x10000004
SIGILL: [libjvm.so+0x6844f0], sa_mask[0]=0x7ffbfeff, sa_flags=0x10000004
SIGUSR1: SIG_DFL, sa_mask[0]=0x00000000, sa_flags=0x00000000
SIGUSR2: [libjvm.so+0x684380], sa_mask[0]=0x00000004, sa_flags=0x10000004
SIGHUP: [libjvm.so+0x6845b0], sa_mask[0]=0x7ffbfeff, sa_flags=0x10000004
SIGINT: [libjvm.so+0x6845b0], sa_mask[0]=0x7ffbfeff, sa_flags=0x10000004
SIGTERM: [libjvm.so+0x6845b0], sa_mask[0]=0x7ffbfeff, sa_flags=0x10000004
SIGQUIT: [libjvm.so+0x6845b0], sa_mask[0]=0x7ffbfeff, sa_flags=0x10000004
SIGTRAP: SIG_DFL, sa_mask[0]=0x00000000, sa_flags=0x00000000


---------------  S Y S T E M  ---------------

OS:LinuxMint 17.1 (rebecca)
uname:Linux 3.13.0-37-generic #64-Ubuntu SMP Mon Sep 22 21:30:01 UTC 2014 i686
libc:glibc 2.19 NPTL 2.19 
rlimit: STACK 8192k, CORE 0k, NPROC 31361, NOFILE 4096, AS infinity
load average:0.40 0.70 0.63

/proc/meminfo:
MemTotal:        4042264 kB
MemFree:          298060 kB
Buffers:          240192 kB
Cached:          1551720 kB
SwapCached:            0 kB
Active:          2309120 kB
Inactive:        1300848 kB
Active(anon):    1790732 kB
Inactive(anon):   465780 kB
Active(file):     518388 kB
Inactive(file):   835068 kB
Unevictable:         152 kB
Mlocked:             152 kB
HighTotal:       3193380 kB
HighFree:         129840 kB
LowTotal:         848884 kB
LowFree:          168220 kB
SwapTotal:       3472380 kB
SwapFree:        3472380 kB
Dirty:             13808 kB
Writeback:             0 kB
AnonPages:       1818272 kB
Mapped:           398600 kB
Shmem:            438456 kB
Slab:              82188 kB
SReclaimable:      59448 kB
SUnreclaim:        22740 kB
KernelStack:        7640 kB
PageTables:        19012 kB
NFS_Unstable:          0 kB
Bounce:                0 kB
WritebackTmp:          0 kB
CommitLimit:     5493512 kB
Committed_AS:    8237036 kB
VmallocTotal:     122880 kB
VmallocUsed:       20648 kB
VmallocChunk:      97864 kB
HardwareCorrupted:     0 kB
AnonHugePages:    722944 kB
HugePages_Total:       0
HugePages_Free:        0
HugePages_Rsvd:        0
HugePages_Surp:        0
Hugepagesize:       2048 kB
DirectMap4k:       40952 kB
DirectMap2M:      872448 kB


CPU:total 2 (2 cores per cpu, 1 threads per core) family 6 model 42 stepping 7, cmov, cx8, fxsr, mmx, sse, sse2, sse3, ssse3, sse4.1, sse4.2, popcnt, tsc, tscinvbit

/proc/cpuinfo:
processor	: 0
vendor_id	: GenuineIntel
cpu family	: 6
model		: 42
model name	: Intel(R) Pentium(R) CPU B950 @ 2.10GHz
stepping	: 7
microcode	: 0x1b
cpu MHz		: 2000.000
cache size	: 2048 KB
physical id	: 0
siblings	: 2
core id		: 0
cpu cores	: 2
apicid		: 0
initial apicid	: 0
fdiv_bug	: no
f00f_bug	: no
coma_bug	: no
fpu		: yes
fpu_exception	: yes
cpuid level	: 13
wp		: yes
flags		: fpu vme de pse tsc msr pae mce cx8 apic sep mtrr pge mca cmov pat pse36 clflush dts acpi mmx fxsr sse sse2 ss ht tm pbe nx rdtscp lm constant_tsc arch_perfmon pebs bts xtopology nonstop_tsc aperfmperf eagerfpu pni pclmulqdq dtes64 monitor ds_cpl est tm2 ssse3 cx16 xtpr pdcm pcid sse4_1 sse4_2 x2apic popcnt tsc_deadline_timer xsave lahf_lm arat epb xsaveopt pln pts dtherm
bogomips	: 4190.43
clflush size	: 64
cache_alignment	: 64
address sizes	: 36 bits physical, 48 bits virtual
power management:

processor	: 1
vendor_id	: GenuineIntel
cpu family	: 6
model		: 42
model name	: Intel(R) Pentium(R) CPU B950 @ 2.10GHz
stepping	: 7
microcode	: 0x1b
cpu MHz		: 2100.000
cache size	: 2048 KB
physical id	: 0
siblings	: 2
core id		: 1
cpu cores	: 2
apicid		: 2
initial apicid	: 2
fdiv_bug	: no
f00f_bug	: no
coma_bug	: no
fpu		: yes
fpu_exception	: yes
cpuid level	: 13
wp		: yes
flags		: fpu vme de pse tsc msr pae mce cx8 apic sep mtrr pge mca cmov pat pse36 clflush dts acpi mmx fxsr sse sse2 ss ht tm pbe nx rdtscp lm constant_tsc arch_perfmon pebs bts xtopology nonstop_tsc aperfmperf eagerfpu pni pclmulqdq dtes64 monitor ds_cpl est tm2 ssse3 cx16 xtpr pdcm pcid sse4_1 sse4_2 x2apic popcnt tsc_deadline_timer xsave lahf_lm arat epb xsaveopt pln pts dtherm
bogomips	: 4190.43
clflush size	: 64
cache_alignment	: 64
address sizes	: 36 bits physical, 48 bits virtual
power management:



Memory: 4k page, physical 4042264k(298060k free), swap 3472380k(3472380k free)

vm_info: OpenJDK Server VM (24.65-b04) for linux-x86 JRE (1.7.0_65-b32), built on Oct 22 2014 04:44:59 by "buildd" with gcc 4.8.2

time: Sun Oct 18 15:19:00 2015
elapsed time: 127 seconds

