#
# A fatal error has been detected by the Java Runtime Environment:
#
#  SIGSEGV (0xb) at pc=0xb6ef28d9, pid=8563, tid=1780005696
#
# JRE version: OpenJDK Runtime Environment (7.0_65-b32) (build 1.7.0_65-b32)
# Java VM: OpenJDK Server VM (24.65-b04 mixed mode linux-x86 )
# Derivative: IcedTea 2.5.3
# Distribution: Ubuntu 14.04 LTS, package 7u71-2.5.3-0ubuntu0.14.04.1
# Problematic frame:
# V  [libjvm.so+0x7fd8d9]  interpretedVFrame::monitors() const+0x199
#
# Failed to write core dump. Core dumps have been disabled. To enable core dumping, try "ulimit -c unlimited" before starting Java again
#
# If you would like to submit a bug report, please include
# instructions on how to reproduce the bug and visit:
#   http://icedtea.classpath.org/bugzilla
#

---------------  T H R E A D  ---------------

Current thread (0x6a32f400):  JavaThread "JDWP Transport Listener: dt_socket" daemon [_thread_in_vm, id=8577, stack(0x6a13b000,0x6a18c000)]

siginfo:si_signo=SIGSEGV: si_errno=0, si_code=2 (SEGV_ACCERR), si_addr=0xb655aff8

Registers:
EAX=0xb655aff4, EBX=0xb7133000, ECX=0x08271310, EDX=0x6ce18010
ESP=0x6a18abe0, EBP=0x00009a03, ESI=0x6a32fa08, EDI=0x6a32fba8
EIP=0xb6ef28d9, EFLAGS=0x00010202, CR2=0xb655aff8

Top of Stack: (sp=0x6a18abe0)
0x6a18abe0:   6a18ac18 b655affc 00002290 00000000
0x6a18abf0:   b655aff4 6a18ac18 6ce18010 0821f2c0
0x6a18ac00:   b65a8014 b3191407 b3190a48 00000000
0x6a18ac10:   b65a8034 b65a8014 b65a8014 b3191407
0x6a18ac20:   b3190a48 00000000 b65a8034 b65a8014
0x6a18ac30:   00000000 00003e90 b6ef2749 b7133000
0x6a18ac40:   00000000 6a32fc54 6a32fa08 b6c52677
0x6a18ac50:   6a32fa08 b6409000 081bf5c4 6a32f400 

Instructions: (pc=0xb6ef28d9)
0xb6ef28b9:   46 18 89 44 24 4c 8b 44 24 14 89 04 24 e8 15 d9
0xb6ef28c9:   be ff 39 44 24 10 0f 82 eb 00 00 00 8b 44 24 10
0xb6ef28d9:   8b 68 04 c7 44 24 04 00 00 00 00 c7 04 24 10 00
0xb6ef28e9:   00 00 e8 70 e7 f0 ff 85 c0 89 c1 74 18 89 28 c7 

Register to memory mapping:

EAX=0xb655aff4 is pointing into the stack for thread: 0xb6409000
EBX=0xb7133000: <offset 0xa3e000> in /usr/lib/jvm/java-7-openjdk-i386/jre/lib/i386/server/libjvm.so at 0xb66f5000
ECX=0x08271310 is an unknown value
EDX=0x6ce18010 is an unknown value
ESP=0x6a18abe0 is pointing into the stack for thread: 0x6a32f400
EBP=0x00009a03 is an unknown value
ESI=0x6a32fa08 is an unknown value
EDI=0x6a32fba8 is an unknown value


Stack: [0x6a13b000,0x6a18c000],  sp=0x6a18abe0,  free space=318k
Native frames: (J=compiled Java code, j=interpreted, Vv=VM code, C=native code)
V  [libjvm.so+0x7fd8d9]  interpretedVFrame::monitors() const+0x199


---------------  P R O C E S S  ---------------

Java Threads: ( => current thread )
  0x6a338000 JavaThread "Service Thread" daemon [_thread_blocked, id=8587, stack(0x69f46000,0x69f97000)]
  0x6a335800 JavaThread "C2 CompilerThread1" daemon [_thread_blocked, id=8586, stack(0x69f97000,0x6a018000)]
  0x6a333800 JavaThread "C2 CompilerThread0" daemon [_thread_blocked, id=8585, stack(0x6a018000,0x6a099000)]
  0x081bc800 JavaThread "JDWP Command Reader" daemon [_thread_in_native, id=8581, stack(0x6a099000,0x6a0ea000)]
  0x6a331c00 JavaThread "JDWP Event Helper Thread" daemon [_thread_blocked, id=8580, stack(0x6a0ea000,0x6a13b000)]
=>0x6a32f400 JavaThread "JDWP Transport Listener: dt_socket" daemon [_thread_in_vm, id=8577, stack(0x6a13b000,0x6a18c000)]
  0x6a326c00 JavaThread "Signal Dispatcher" daemon [_thread_blocked, id=8575, stack(0x6a18c000,0x6a1dd000)]
  0x6a314800 JavaThread "Finalizer" daemon [_thread_blocked, id=8574, stack(0x6a1dd000,0x6a22e000)]
  0x6a313000 JavaThread "Reference Handler" daemon [_thread_blocked, id=8573, stack(0x6a22e000,0x6a27f000)]
  0xb6409000 JavaThread "main" [_thread_blocked, id=8568, stack(0xb6558000,0xb65a9000)]

Other Threads:
  0x6a310400 VMThread [stack: 0x6a27f000,0x6a300000] [id=8572]
  0x6a339c00 WatcherThread [stack: 0x69ec5000,0x69f46000] [id=8588]

VM state:not at safepoint (normal execution)

VM Mutex/Monitor currently owned by a thread: None

Heap
 PSYoungGen      total 18688K, used 975K [0x9e740000, 0x9fc00000, 0xb30c0000)
  eden space 16128K, 6% used [0x9e740000,0x9e833f60,0x9f700000)
  from space 2560K, 0% used [0x9f980000,0x9f980000,0x9fc00000)
  to   space 2560K, 0% used [0x9f700000,0x9f700000,0x9f980000)
 ParOldGen       total 41984K, used 0K [0x754c0000, 0x77dc0000, 0x9e740000)
  object space 41984K, 0% used [0x754c0000,0x754c0000,0x77dc0000)
 PSPermGen       total 16384K, used 2462K [0x6d4c0000, 0x6e4c0000, 0x754c0000)
  object space 16384K, 15% used [0x6d4c0000,0x6d727b08,0x6e4c0000)

Card table byte_map: [0x6d291000,0x6d4c0000] byte_map_base: 0x6cf26a00

Polling page: 0xb7757000

Code Cache  [0xb318e000, 0xb33ce000, 0xb618e000)
 total_blobs=110 nmethods=2 adapters=71 free_code_cache=48858Kb largest_free_block=50009152

Compilation events (4 events):
Event: 0.306 Thread 0x6a333800    1             java.lang.String::indexOf (70 bytes)
Event: 0.308 Thread 0x6a335800    2             java.lang.String::hashCode (55 bytes)
Event: 0.315 Thread 0x6a335800 nmethod 2 0xb31d7788 code [0xb31d7880, 0xb31d7a10]
Event: 0.318 Thread 0x6a333800 nmethod 1 0xb31d73c8 code [0xb31d74e0, 0xb31d769c]

GC Heap History (0 events):
No events

Deoptimization events (0 events):
No events

Internal exceptions (10 events):
Event: 0.293 Thread 0xb6409000 Threw 0x9e7f8d98 at /build/buildd/openjdk-7-7u71-2.5.3/build/openjdk/hotspot/src/share/vm/prims/jvm.cpp:1284
Event: 0.293 Thread 0xb6409000 Threw 0x9e7f9610 at /build/buildd/openjdk-7-7u71-2.5.3/build/openjdk/hotspot/src/share/vm/prims/jvm.cpp:1284
Event: 0.293 Thread 0xb6409000 Threw 0x9e7f9728 at /build/buildd/openjdk-7-7u71-2.5.3/build/openjdk/hotspot/src/share/vm/prims/jvm.cpp:1284
Event: 0.305 Thread 0xb6409000 Threw 0x9e808a58 at /build/buildd/openjdk-7-7u71-2.5.3/build/openjdk/hotspot/src/share/vm/prims/jvm.cpp:1284
Event: 0.307 Thread 0xb6409000 Threw 0x9e80dc98 at /build/buildd/openjdk-7-7u71-2.5.3/build/openjdk/hotspot/src/share/vm/prims/jvm.cpp:1284
Event: 0.308 Thread 0xb6409000 Threw 0x9e80fc18 at /build/buildd/openjdk-7-7u71-2.5.3/build/openjdk/hotspot/src/share/vm/prims/jvm.cpp:1284
Event: 0.308 Thread 0xb6409000 Threw 0x9e811818 at /build/buildd/openjdk-7-7u71-2.5.3/build/openjdk/hotspot/src/share/vm/prims/jvm.cpp:1284
Event: 2.087 Thread 0xb6409000 Threw 0x9e81ee70 at /build/buildd/openjdk-7-7u71-2.5.3/build/openjdk/hotspot/src/share/vm/prims/jvm.cpp:1284
Event: 2.088 Thread 0xb6409000 Threw 0x9e820d30 at /build/buildd/openjdk-7-7u71-2.5.3/build/openjdk/hotspot/src/share/vm/prims/jvm.cpp:1284
Event: 2.089 Thread 0xb6409000 Threw 0x9e822a58 at /build/buildd/openjdk-7-7u71-2.5.3/build/openjdk/hotspot/src/share/vm/prims/jvm.cpp:1284

Events (10 events):
Event: 106.882 Executing VM operation: RedefineClasses
Event: 106.882 Executing VM operation: RedefineClasses done
Event: 106.883 Executing VM operation: EnterInterpOnlyMode
Event: 106.883 Executing VM operation: EnterInterpOnlyMode done
Event: 106.883 Executing VM operation: GetCurrentLocation
Event: 106.883 Executing VM operation: GetCurrentLocation done
Event: 106.883 Executing VM operation: ChangeSingleStep
Event: 106.883 Executing VM operation: ChangeSingleStep done
Event: 106.883 Executing VM operation: ChangeSingleStep
Event: 106.883 Executing VM operation: ChangeSingleStep done


Dynamic libraries:
08048000-08049000 r-xp 00000000 08:05 2493618    /usr/lib/jvm/java-7-openjdk-i386/jre/bin/java
08049000-0804a000 r--p 00000000 08:05 2493618    /usr/lib/jvm/java-7-openjdk-i386/jre/bin/java
0804a000-0804b000 rw-p 00001000 08:05 2493618    /usr/lib/jvm/java-7-openjdk-i386/jre/bin/java
081ba000-08298000 rw-p 00000000 00:00 0          [heap]
69b99000-69d00000 rw-p 00000000 00:00 0 
69d00000-69d29000 rw-p 00000000 00:00 0 
69d29000-69e00000 ---p 00000000 00:00 0 
69e1c000-69ec5000 rw-p 00000000 00:00 0 
69ec5000-69ec6000 ---p 00000000 00:00 0 
69ec6000-69f46000 rw-p 00000000 00:00 0          [stack:8588]
69f46000-69f49000 ---p 00000000 00:00 0 
69f49000-69f97000 rw-p 00000000 00:00 0          [stack:8587]
69f97000-69f9a000 ---p 00000000 00:00 0 
69f9a000-6a018000 rw-p 00000000 00:00 0          [stack:8586]
6a018000-6a01b000 ---p 00000000 00:00 0 
6a01b000-6a099000 rw-p 00000000 00:00 0          [stack:8585]
6a099000-6a09c000 ---p 00000000 00:00 0 
6a09c000-6a0ea000 rw-p 00000000 00:00 0          [stack:8581]
6a0ea000-6a0ed000 ---p 00000000 00:00 0 
6a0ed000-6a13b000 rw-p 00000000 00:00 0          [stack:8580]
6a13b000-6a13e000 ---p 00000000 00:00 0 
6a13e000-6a18c000 rw-p 00000000 00:00 0          [stack:8577]
6a18c000-6a18f000 ---p 00000000 00:00 0 
6a18f000-6a1dd000 rw-p 00000000 00:00 0          [stack:8575]
6a1dd000-6a1e0000 ---p 00000000 00:00 0 
6a1e0000-6a22e000 rw-p 00000000 00:00 0          [stack:8574]
6a22e000-6a231000 ---p 00000000 00:00 0 
6a231000-6a27f000 rw-p 00000000 00:00 0          [stack:8573]
6a27f000-6a280000 ---p 00000000 00:00 0 
6a280000-6a300000 rw-p 00000000 00:00 0          [stack:8572]
6a300000-6a400000 rw-p 00000000 00:00 0 
6a413000-6a5c4000 r--s 01d25000 08:05 2493659    /usr/lib/jvm/java-7-openjdk-i386/jre/lib/rt.jar
6a5c4000-6cd00000 rw-p 00000000 00:00 0 
6cd00000-6cd21000 rw-p 00000000 00:00 0 
6cd21000-6ce00000 ---p 00000000 00:00 0 
6ce18000-6cf00000 rw-p 00000000 00:00 0 
6cf00000-6cf21000 rw-p 00000000 00:00 0 
6cf21000-6d000000 ---p 00000000 00:00 0 
6d001000-6d005000 r--s 00034000 08:05 2493673    /usr/lib/jvm/java-7-openjdk-i386/jre/lib/ext/sunjce_provider.jar
6d005000-6d006000 ---p 00000000 00:00 0 
6d006000-6d086000 rw-p 00000000 00:00 0          [stack:8570]
6d086000-6d087000 ---p 00000000 00:00 0 
6d087000-6d10f000 rw-p 00000000 00:00 0          [stack:8569]
6d10f000-6d147000 rw-p 00000000 00:00 0 
6d147000-6d15c000 rw-p 00000000 00:00 0 
6d15c000-6d291000 rw-p 00000000 00:00 0 
6d291000-6d299000 rw-p 00000000 00:00 0 
6d299000-6d2d1000 rw-p 00000000 00:00 0 
6d2d1000-6d2e6000 rw-p 00000000 00:00 0 
6d2e6000-6d41a000 rw-p 00000000 00:00 0 
6d41a000-6d425000 rw-p 00000000 00:00 0 
6d425000-6d4bf000 rw-p 00000000 00:00 0 
6d4bf000-6e4c0000 rw-p 00000000 00:00 0 
6e4c0000-754c0000 rw-p 00000000 00:00 0 
754c0000-77dc0000 rw-p 00000000 00:00 0 
77dc0000-9e740000 rw-p 00000000 00:00 0 
9e740000-9fc00000 rw-p 00000000 00:00 0 
9fc00000-b30c0000 rw-p 00000000 00:00 0 
b30c2000-b30c3000 rw-p 00000000 00:00 0 
b30c3000-b30c7000 r--s 00085000 08:05 2493672    /usr/lib/jvm/java-7-openjdk-i386/jre/lib/ext/localedata.jar
b30c7000-b30cb000 r--s 0003c000 08:05 2493674    /usr/lib/jvm/java-7-openjdk-i386/jre/lib/ext/sunpkcs11.jar
b30cb000-b30ce000 r--s 0000f000 08:05 2493669    /usr/lib/jvm/java-7-openjdk-i386/jre/lib/ext/icedtea-sound.jar
b30ce000-b30d7000 rw-p 00000000 00:00 0 
b30d7000-b318e000 rw-p 00000000 00:00 0 
b318e000-b33ce000 rwxp 00000000 00:00 0 
b33ce000-b618e000 rw-p 00000000 00:00 0 
b618e000-b6199000 r-xp 00000000 08:05 5375043    /lib/i386-linux-gnu/libnss_files-2.19.so
b6199000-b619a000 r--p 0000a000 08:05 5375043    /lib/i386-linux-gnu/libnss_files-2.19.so
b619a000-b619b000 rw-p 0000b000 08:05 5375043    /lib/i386-linux-gnu/libnss_files-2.19.so
b619b000-b61a5000 r-xp 00000000 08:05 5375053    /lib/i386-linux-gnu/libnss_nis-2.19.so
b61a5000-b61a6000 r--p 00009000 08:05 5375053    /lib/i386-linux-gnu/libnss_nis-2.19.so
b61a6000-b61a7000 rw-p 0000a000 08:05 5375053    /lib/i386-linux-gnu/libnss_nis-2.19.so
b61a7000-b61bc000 r-xp 00000000 08:05 5375037    /lib/i386-linux-gnu/libnsl-2.19.so
b61bc000-b61bd000 r--p 00015000 08:05 5375037    /lib/i386-linux-gnu/libnsl-2.19.so
b61bd000-b61be000 rw-p 00016000 08:05 5375037    /lib/i386-linux-gnu/libnsl-2.19.so
b61be000-b61c0000 rw-p 00000000 00:00 0 
b61c0000-b63c0000 r--p 00000000 08:05 2366510    /usr/lib/locale/locale-archive
b63c0000-b63fe000 r-xp 00000000 08:05 2493703    /usr/lib/jvm/java-7-openjdk-i386/jre/lib/i386/libjdwp.so
b63fe000-b63ff000 r--p 0003d000 08:05 2493703    /usr/lib/jvm/java-7-openjdk-i386/jre/lib/i386/libjdwp.so
b63ff000-b6400000 rw-p 0003e000 08:05 2493703    /usr/lib/jvm/java-7-openjdk-i386/jre/lib/i386/libjdwp.so
b6400000-b64fe000 rw-p 00000000 00:00 0 
b64fe000-b6500000 ---p 00000000 00:00 0 
b6500000-b6501000 r--s 00002000 08:05 2493668    /usr/lib/jvm/java-7-openjdk-i386/jre/lib/ext/dnsns.jar
b6501000-b6503000 r--s 00006000 08:05 2889721    /usr/share/java/java-atk-wrapper.jar
b6503000-b6505000 r--s 00012000 08:05 2493675    /usr/lib/jvm/java-7-openjdk-i386/jre/lib/ext/zipfs.jar
b6505000-b650c000 r-xp 00000000 08:05 5375039    /lib/i386-linux-gnu/libnss_compat-2.19.so
b650c000-b650d000 r--p 00006000 08:05 5375039    /lib/i386-linux-gnu/libnss_compat-2.19.so
b650d000-b650e000 rw-p 00007000 08:05 5375039    /lib/i386-linux-gnu/libnss_compat-2.19.so
b650e000-b6512000 r-xp 00000000 08:05 2493687    /usr/lib/jvm/java-7-openjdk-i386/jre/lib/i386/libdt_socket.so
b6512000-b6513000 r--p 00003000 08:05 2493687    /usr/lib/jvm/java-7-openjdk-i386/jre/lib/i386/libdt_socket.so
b6513000-b6514000 rw-p 00004000 08:05 2493687    /usr/lib/jvm/java-7-openjdk-i386/jre/lib/i386/libdt_socket.so
b6514000-b651c000 r-xp 00000000 08:05 2493718    /usr/lib/jvm/java-7-openjdk-i386/jre/lib/i386/libzip.so
b651c000-b651d000 r--p 00007000 08:05 2493718    /usr/lib/jvm/java-7-openjdk-i386/jre/lib/i386/libzip.so
b651d000-b651e000 rw-p 00008000 08:05 2493718    /usr/lib/jvm/java-7-openjdk-i386/jre/lib/i386/libzip.so
b651e000-b6526000 rw-s 00000000 08:05 3702669    /tmp/hsperfdata_masha/8563
b6526000-b654d000 r-xp 00000000 08:05 2493697    /usr/lib/jvm/java-7-openjdk-i386/jre/lib/i386/libjava.so
b654d000-b654e000 r--p 00026000 08:05 2493697    /usr/lib/jvm/java-7-openjdk-i386/jre/lib/i386/libjava.so
b654e000-b654f000 rw-p 00027000 08:05 2493697    /usr/lib/jvm/java-7-openjdk-i386/jre/lib/i386/libjava.so
b654f000-b6556000 r-xp 00000000 08:05 5375096    /lib/i386-linux-gnu/librt-2.19.so
b6556000-b6557000 r--p 00006000 08:05 5375096    /lib/i386-linux-gnu/librt-2.19.so
b6557000-b6558000 rw-p 00007000 08:05 5375096    /lib/i386-linux-gnu/librt-2.19.so
b6558000-b655b000 ---p 00000000 00:00 0 
b655b000-b65a9000 rw-p 00000000 00:00 0          [stack:8568]
b65a9000-b65c5000 r-xp 00000000 08:05 5374994    /lib/i386-linux-gnu/libgcc_s.so.1
b65c5000-b65c6000 rw-p 0001b000 08:05 5374994    /lib/i386-linux-gnu/libgcc_s.so.1
b65c6000-b660a000 r-xp 00000000 08:05 5375018    /lib/i386-linux-gnu/libm-2.19.so
b660a000-b660b000 r--p 00043000 08:05 5375018    /lib/i386-linux-gnu/libm-2.19.so
b660b000-b660c000 rw-p 00044000 08:05 5375018    /lib/i386-linux-gnu/libm-2.19.so
b660c000-b66e8000 r-xp 00000000 08:05 2366128    /usr/lib/i386-linux-gnu/libstdc++.so.6.0.19
b66e8000-b66e9000 ---p 000dc000 08:05 2366128    /usr/lib/i386-linux-gnu/libstdc++.so.6.0.19
b66e9000-b66ed000 r--p 000dc000 08:05 2366128    /usr/lib/i386-linux-gnu/libstdc++.so.6.0.19
b66ed000-b66ee000 rw-p 000e0000 08:05 2366128    /usr/lib/i386-linux-gnu/libstdc++.so.6.0.19
b66ee000-b66f5000 rw-p 00000000 00:00 0 
b66f5000-b70e0000 r-xp 00000000 08:05 2493729    /usr/lib/jvm/java-7-openjdk-i386/jre/lib/i386/server/libjvm.so
b70e0000-b70e1000 ---p 009eb000 08:05 2493729    /usr/lib/jvm/java-7-openjdk-i386/jre/lib/i386/server/libjvm.so
b70e1000-b7133000 r--p 009eb000 08:05 2493729    /usr/lib/jvm/java-7-openjdk-i386/jre/lib/i386/server/libjvm.so
b7133000-b7147000 rw-p 00a3d000 08:05 2493729    /usr/lib/jvm/java-7-openjdk-i386/jre/lib/i386/server/libjvm.so
b7147000-b7564000 rw-p 00000000 00:00 0 
b7564000-b757c000 r-xp 00000000 08:05 5375131    /lib/i386-linux-gnu/libz.so.1.2.8
b757c000-b757d000 r--p 00017000 08:05 5375131    /lib/i386-linux-gnu/libz.so.1.2.8
b757d000-b757e000 rw-p 00018000 08:05 5375131    /lib/i386-linux-gnu/libz.so.1.2.8
b757e000-b757f000 rw-p 00000000 00:00 0 
b757f000-b7597000 r-xp 00000000 08:05 5375088    /lib/i386-linux-gnu/libpthread-2.19.so
b7597000-b7598000 r--p 00017000 08:05 5375088    /lib/i386-linux-gnu/libpthread-2.19.so
b7598000-b7599000 rw-p 00018000 08:05 5375088    /lib/i386-linux-gnu/libpthread-2.19.so
b7599000-b759b000 rw-p 00000000 00:00 0 
b759b000-b759e000 r-xp 00000000 08:05 5374984    /lib/i386-linux-gnu/libdl-2.19.so
b759e000-b759f000 r--p 00002000 08:05 5374984    /lib/i386-linux-gnu/libdl-2.19.so
b759f000-b75a0000 rw-p 00003000 08:05 5374984    /lib/i386-linux-gnu/libdl-2.19.so
b75a0000-b7749000 r-xp 00000000 08:05 5374967    /lib/i386-linux-gnu/libc-2.19.so
b7749000-b774a000 ---p 001a9000 08:05 5374967    /lib/i386-linux-gnu/libc-2.19.so
b774a000-b774c000 r--p 001a9000 08:05 5374967    /lib/i386-linux-gnu/libc-2.19.so
b774c000-b774d000 rw-p 001ab000 08:05 5374967    /lib/i386-linux-gnu/libc-2.19.so
b774d000-b7750000 rw-p 00000000 00:00 0 
b7750000-b7751000 r--p 002c5000 08:05 2366510    /usr/lib/locale/locale-archive
b7751000-b7754000 r-xp 00000000 08:05 2493712    /usr/lib/jvm/java-7-openjdk-i386/jre/lib/i386/libnpt.so
b7754000-b7755000 r--p 00002000 08:05 2493712    /usr/lib/jvm/java-7-openjdk-i386/jre/lib/i386/libnpt.so
b7755000-b7756000 rw-p 00003000 08:05 2493712    /usr/lib/jvm/java-7-openjdk-i386/jre/lib/i386/libnpt.so
b7756000-b7757000 rw-p 00000000 00:00 0 
b7757000-b7758000 r--p 00000000 00:00 0 
b7758000-b7766000 r-xp 00000000 08:05 2493717    /usr/lib/jvm/java-7-openjdk-i386/jre/lib/i386/libverify.so
b7766000-b7767000 r--p 0000d000 08:05 2493717    /usr/lib/jvm/java-7-openjdk-i386/jre/lib/i386/libverify.so
b7767000-b7768000 rw-p 0000e000 08:05 2493717    /usr/lib/jvm/java-7-openjdk-i386/jre/lib/i386/libverify.so
b7768000-b7774000 r-xp 00000000 08:05 2493725    /usr/lib/jvm/java-7-openjdk-i386/jre/lib/i386/jli/libjli.so
b7774000-b7775000 r--p 0000c000 08:05 2493725    /usr/lib/jvm/java-7-openjdk-i386/jre/lib/i386/jli/libjli.so
b7775000-b7776000 rw-p 0000d000 08:05 2493725    /usr/lib/jvm/java-7-openjdk-i386/jre/lib/i386/jli/libjli.so
b7776000-b7779000 rw-p 00000000 00:00 0 
b7779000-b777a000 r-xp 00000000 00:00 0          [vdso]
b777a000-b779a000 r-xp 00000000 08:05 5374943    /lib/i386-linux-gnu/ld-2.19.so
b779a000-b779b000 r--p 0001f000 08:05 5374943    /lib/i386-linux-gnu/ld-2.19.so
b779b000-b779c000 rw-p 00020000 08:05 5374943    /lib/i386-linux-gnu/ld-2.19.so
bfce3000-bfce4000 rwxp 00000000 00:00 0 
bfd16000-bfd37000 rw-p 00000000 00:00 0          [stack]

VM Arguments:
jvm_args: -agentlib:jdwp=transport=dt_socket,suspend=y,address=localhost:58784 -Dfile.encoding=UTF-8 
java_command: main.App
Launcher Type: SUN_STANDARD

Environment Variables:
PATH=/usr/local/sbin:/usr/local/bin:/usr/sbin:/usr/bin:/sbin:/bin:/usr/games:/usr/local/games
USERNAME=masha
LD_LIBRARY_PATH=/usr/lib/jvm/java-7-openjdk-i386/jre/lib/i386/server:/usr/lib/jvm/java-7-openjdk-i386/jre/lib/i386:/usr/lib/jvm/java-7-openjdk-i386/jre/../lib/i386:/usr/lib/jvm/java-7-openjdk-i386/jre/lib/i386/client:/usr/lib/jvm/java-7-openjdk-i386/jre/lib/i386:
SHELL=/bin/bash
DISPLAY=:0.0

Signal Handlers:
SIGSEGV: [libjvm.so+0x80a5e0], sa_mask[0]=0x7ffbfeff, sa_flags=0x10000004
SIGBUS: [libjvm.so+0x80a5e0], sa_mask[0]=0x7ffbfeff, sa_flags=0x10000004
SIGFPE: [libjvm.so+0x6844f0], sa_mask[0]=0x7ffbfeff, sa_flags=0x10000004
SIGPIPE: [libjvm.so+0x6844f0], sa_mask[0]=0x7ffbfeff, sa_flags=0x10000004
SIGXFSZ: [libjvm.so+0x6844f0], sa_mask[0]=0x7ffbfeff, sa_flags=0x10000004
SIGILL: [libjvm.so+0x6844f0], sa_mask[0]=0x7ffbfeff, sa_flags=0x10000004
SIGUSR1: SIG_DFL, sa_mask[0]=0x00000000, sa_flags=0x00000000
SIGUSR2: [libjvm.so+0x684380], sa_mask[0]=0x00000004, sa_flags=0x10000004
SIGHUP: [libjvm.so+0x6845b0], sa_mask[0]=0x7ffbfeff, sa_flags=0x10000004
SIGINT: [libjvm.so+0x6845b0], sa_mask[0]=0x7ffbfeff, sa_flags=0x10000004
SIGTERM: [libjvm.so+0x6845b0], sa_mask[0]=0x7ffbfeff, sa_flags=0x10000004
SIGQUIT: [libjvm.so+0x6845b0], sa_mask[0]=0x7ffbfeff, sa_flags=0x10000004
SIGTRAP: SIG_DFL, sa_mask[0]=0x00000000, sa_flags=0x00000000


---------------  S Y S T E M  ---------------

OS:LinuxMint 17.1 (rebecca)
uname:Linux 3.13.0-37-generic #64-Ubuntu SMP Mon Sep 22 21:30:01 UTC 2014 i686
libc:glibc 2.19 NPTL 2.19 
rlimit: STACK 8192k, CORE 0k, NPROC 31361, NOFILE 4096, AS infinity
load average:1.18 0.81 0.62

/proc/meminfo:
MemTotal:        4042264 kB
MemFree:          320608 kB
Buffers:          239820 kB
Cached:          1530820 kB
SwapCached:            0 kB
Active:          2305628 kB
Inactive:        1280248 kB
Active(anon):    1788136 kB
Inactive(anon):   460680 kB
Active(file):     517492 kB
Inactive(file):   819568 kB
Unevictable:         152 kB
Mlocked:             152 kB
HighTotal:       3193380 kB
HighFree:         157028 kB
LowTotal:         848884 kB
LowFree:          163580 kB
SwapTotal:       3472380 kB
SwapFree:        3472380 kB
Dirty:               404 kB
Writeback:             0 kB
AnonPages:       1815660 kB
Mapped:           396836 kB
Shmem:            433580 kB
Slab:              82660 kB
SReclaimable:      59780 kB
SUnreclaim:        22880 kB
KernelStack:        8488 kB
PageTables:        19396 kB
NFS_Unstable:          0 kB
Bounce:                0 kB
WritebackTmp:          0 kB
CommitLimit:     5493512 kB
Committed_AS:    8773912 kB
VmallocTotal:     122880 kB
VmallocUsed:       20648 kB
VmallocChunk:      97864 kB
HardwareCorrupted:     0 kB
AnonHugePages:    694272 kB
HugePages_Total:       0
HugePages_Free:        0
HugePages_Rsvd:        0
HugePages_Surp:        0
Hugepagesize:       2048 kB
DirectMap4k:       40952 kB
DirectMap2M:      872448 kB


CPU:total 2 (2 cores per cpu, 1 threads per core) family 6 model 42 stepping 7, cmov, cx8, fxsr, mmx, sse, sse2, sse3, ssse3, sse4.1, sse4.2, popcnt, tsc, tscinvbit

/proc/cpuinfo:
processor	: 0
vendor_id	: GenuineIntel
cpu family	: 6
model		: 42
model name	: Intel(R) Pentium(R) CPU B950 @ 2.10GHz
stepping	: 7
microcode	: 0x1b
cpu MHz		: 2100.000
cache size	: 2048 KB
physical id	: 0
siblings	: 2
core id		: 0
cpu cores	: 2
apicid		: 0
initial apicid	: 0
fdiv_bug	: no
f00f_bug	: no
coma_bug	: no
fpu		: yes
fpu_exception	: yes
cpuid level	: 13
wp		: yes
flags		: fpu vme de pse tsc msr pae mce cx8 apic sep mtrr pge mca cmov pat pse36 clflush dts acpi mmx fxsr sse sse2 ss ht tm pbe nx rdtscp lm constant_tsc arch_perfmon pebs bts xtopology nonstop_tsc aperfmperf eagerfpu pni pclmulqdq dtes64 monitor ds_cpl est tm2 ssse3 cx16 xtpr pdcm pcid sse4_1 sse4_2 x2apic popcnt tsc_deadline_timer xsave lahf_lm arat epb xsaveopt pln pts dtherm
bogomips	: 4190.43
clflush size	: 64
cache_alignment	: 64
address sizes	: 36 bits physical, 48 bits virtual
power management:

processor	: 1
vendor_id	: GenuineIntel
cpu family	: 6
model		: 42
model name	: Intel(R) Pentium(R) CPU B950 @ 2.10GHz
stepping	: 7
microcode	: 0x1b
cpu MHz		: 2100.000
cache size	: 2048 KB
physical id	: 0
siblings	: 2
core id		: 1
cpu cores	: 2
apicid		: 2
initial apicid	: 2
fdiv_bug	: no
f00f_bug	: no
coma_bug	: no
fpu		: yes
fpu_exception	: yes
cpuid level	: 13
wp		: yes
flags		: fpu vme de pse tsc msr pae mce cx8 apic sep mtrr pge mca cmov pat pse36 clflush dts acpi mmx fxsr sse sse2 ss ht tm pbe nx rdtscp lm constant_tsc arch_perfmon pebs bts xtopology nonstop_tsc aperfmperf eagerfpu pni pclmulqdq dtes64 monitor ds_cpl est tm2 ssse3 cx16 xtpr pdcm pcid sse4_1 sse4_2 x2apic popcnt tsc_deadline_timer xsave lahf_lm arat epb xsaveopt pln pts dtherm
bogomips	: 4190.43
clflush size	: 64
cache_alignment	: 64
address sizes	: 36 bits physical, 48 bits virtual
power management:



Memory: 4k page, physical 4042264k(320608k free), swap 3472380k(3472380k free)

vm_info: OpenJDK Server VM (24.65-b04) for linux-x86 JRE (1.7.0_65-b32), built on Oct 22 2014 04:44:59 by "buildd" with gcc 4.8.2

time: Sun Oct 18 15:15:28 2015
elapsed time: 106 seconds

