#
# A fatal error has been detected by the Java Runtime Environment:
#
#  SIGSEGV (0xb) at pc=0xb6f378d9, pid=8342, tid=1780337472
#
# JRE version: OpenJDK Runtime Environment (7.0_65-b32) (build 1.7.0_65-b32)
# Java VM: OpenJDK Server VM (24.65-b04 mixed mode linux-x86 )
# Derivative: IcedTea 2.5.3
# Distribution: Ubuntu 14.04 LTS, package 7u71-2.5.3-0ubuntu0.14.04.1
# Problematic frame:
# V  [libjvm.so+0x7fd8d9]  interpretedVFrame::monitors() const+0x199
#
# Failed to write core dump. Core dumps have been disabled. To enable core dumping, try "ulimit -c unlimited" before starting Java again
#
# If you would like to submit a bug report, please include
# instructions on how to reproduce the bug and visit:
#   http://icedtea.classpath.org/bugzilla
#

---------------  T H R E A D  ---------------

Current thread (0x6a32f400):  JavaThread "JDWP Transport Listener: dt_socket" daemon [_thread_in_vm, id=8357, stack(0x6a18c000,0x6a1dd000)]

siginfo:si_signo=SIGSEGV: si_errno=0, si_code=2 (SEGV_ACCERR), si_addr=0xb659fff8

Registers:
EAX=0xb659fff4, EBX=0xb7178000, ECX=0x0874dce0, EDX=0x6d001010
ESP=0x6a1dbbe0, EBP=0x00009a03, ESI=0x6a32fa08, EDI=0x6a32fba8
EIP=0xb6f378d9, EFLAGS=0x00010212, CR2=0xb659fff8

Top of Stack: (sp=0x6a1dbbe0)
0x6a1dbbe0:   6a1dbc18 b659fffc 00002290 00000000
0x6a1dbbf0:   b659fff4 6a1dbc18 6d001010 086fbc90
0x6a1dbc00:   b65ed014 b31d1407 b31d0a48 00000000
0x6a1dbc10:   b65ed034 b65ed014 b65ed014 b31d1407
0x6a1dbc20:   b31d0a48 00000000 b65ed034 b65ed014
0x6a1dbc30:   00000000 00003e90 b6f37749 b7178000
0x6a1dbc40:   00000000 6a32fc54 6a32fa08 b6c97677
0x6a1dbc50:   6a32fa08 b6409000 086985cc 6a32f400 

Instructions: (pc=0xb6f378d9)
0xb6f378b9:   46 18 89 44 24 4c 8b 44 24 14 89 04 24 e8 15 d9
0xb6f378c9:   be ff 39 44 24 10 0f 82 eb 00 00 00 8b 44 24 10
0xb6f378d9:   8b 68 04 c7 44 24 04 00 00 00 00 c7 04 24 10 00
0xb6f378e9:   00 00 e8 70 e7 f0 ff 85 c0 89 c1 74 18 89 28 c7 

Register to memory mapping:

EAX=0xb659fff4 is pointing into the stack for thread: 0xb6409000
EBX=0xb7178000: <offset 0xa3e000> in /usr/lib/jvm/java-7-openjdk-i386/jre/lib/i386/server/libjvm.so at 0xb673a000
ECX=0x0874dce0 is an unknown value
EDX=0x6d001010 is an unknown value
ESP=0x6a1dbbe0 is pointing into the stack for thread: 0x6a32f400
EBP=0x00009a03 is an unknown value
ESI=0x6a32fa08 is an unknown value
EDI=0x6a32fba8 is an unknown value


Stack: [0x6a18c000,0x6a1dd000],  sp=0x6a1dbbe0,  free space=318k
Native frames: (J=compiled Java code, j=interpreted, Vv=VM code, C=native code)
V  [libjvm.so+0x7fd8d9]  interpretedVFrame::monitors() const+0x199


---------------  P R O C E S S  ---------------

Java Threads: ( => current thread )
  0x6a338000 JavaThread "Service Thread" daemon [_thread_blocked, id=8365, stack(0x69f97000,0x69fe8000)]
  0x6a335800 JavaThread "C2 CompilerThread1" daemon [_thread_blocked, id=8364, stack(0x69fe8000,0x6a069000)]
  0x6a333800 JavaThread "C2 CompilerThread0" daemon [_thread_blocked, id=8363, stack(0x6a069000,0x6a0ea000)]
  0x08695800 JavaThread "JDWP Command Reader" daemon [_thread_in_native, id=8361, stack(0x6a0ea000,0x6a13b000)]
  0x6a331c00 JavaThread "JDWP Event Helper Thread" daemon [_thread_blocked, id=8360, stack(0x6a13b000,0x6a18c000)]
=>0x6a32f400 JavaThread "JDWP Transport Listener: dt_socket" daemon [_thread_in_vm, id=8357, stack(0x6a18c000,0x6a1dd000)]
  0x6a326c00 JavaThread "Signal Dispatcher" daemon [_thread_blocked, id=8355, stack(0x6a1dd000,0x6a22e000)]
  0x6a314800 JavaThread "Finalizer" daemon [_thread_blocked, id=8354, stack(0x6a22e000,0x6a27f000)]
  0x6a313000 JavaThread "Reference Handler" daemon [_thread_blocked, id=8353, stack(0x6ce0b000,0x6ce5c000)]
  0xb6409000 JavaThread "main" [_thread_blocked, id=8348, stack(0xb659d000,0xb65ee000)]

Other Threads:
  0x6a310400 VMThread [stack: 0x6a27f000,0x6a300000] [id=8352]
  0x6a339c00 WatcherThread [stack: 0x69f16000,0x69f97000] [id=8366]

VM state:not at safepoint (normal execution)

VM Mutex/Monitor currently owned by a thread: None

Heap
 PSYoungGen      total 18688K, used 975K [0x9e780000, 0x9fc40000, 0xb3100000)
  eden space 16128K, 6% used [0x9e780000,0x9e873f60,0x9f740000)
  from space 2560K, 0% used [0x9f9c0000,0x9f9c0000,0x9fc40000)
  to   space 2560K, 0% used [0x9f740000,0x9f740000,0x9f9c0000)
 ParOldGen       total 41984K, used 0K [0x75500000, 0x77e00000, 0x9e780000)
  object space 41984K, 0% used [0x75500000,0x75500000,0x77e00000)
 PSPermGen       total 16384K, used 2463K [0x6d500000, 0x6e500000, 0x75500000)
  object space 16384K, 15% used [0x6d500000,0x6d767d68,0x6e500000)

Card table byte_map: [0x6d2d1000,0x6d500000] byte_map_base: 0x6cf66800

Polling page: 0xb779c000

Code Cache  [0xb31ce000, 0xb340e000, 0xb61ce000)
 total_blobs=110 nmethods=2 adapters=71 free_code_cache=48858Kb largest_free_block=50008320

Compilation events (4 events):
Event: 0.197 Thread 0x6a333800    1             java.lang.String::indexOf (70 bytes)
Event: 0.209 Thread 0x6a335800    2             java.lang.String::hashCode (55 bytes)
Event: 0.213 Thread 0x6a335800 nmethod 2 0xb321cbc8 code [0xb321ccc0, 0xb321ce50]
Event: 0.215 Thread 0x6a333800 nmethod 1 0xb3217708 code [0xb3217820, 0xb32179dc]

GC Heap History (0 events):
No events

Deoptimization events (0 events):
No events

Internal exceptions (10 events):
Event: 0.179 Thread 0xb6409000 Threw 0x9e838d98 at /build/buildd/openjdk-7-7u71-2.5.3/build/openjdk/hotspot/src/share/vm/prims/jvm.cpp:1284
Event: 0.179 Thread 0xb6409000 Threw 0x9e839610 at /build/buildd/openjdk-7-7u71-2.5.3/build/openjdk/hotspot/src/share/vm/prims/jvm.cpp:1284
Event: 0.179 Thread 0xb6409000 Threw 0x9e839728 at /build/buildd/openjdk-7-7u71-2.5.3/build/openjdk/hotspot/src/share/vm/prims/jvm.cpp:1284
Event: 0.196 Thread 0xb6409000 Threw 0x9e848a28 at /build/buildd/openjdk-7-7u71-2.5.3/build/openjdk/hotspot/src/share/vm/prims/jvm.cpp:1284
Event: 0.213 Thread 0xb6409000 Threw 0x9e84dc68 at /build/buildd/openjdk-7-7u71-2.5.3/build/openjdk/hotspot/src/share/vm/prims/jvm.cpp:1284
Event: 0.214 Thread 0xb6409000 Threw 0x9e84fbd8 at /build/buildd/openjdk-7-7u71-2.5.3/build/openjdk/hotspot/src/share/vm/prims/jvm.cpp:1284
Event: 0.214 Thread 0xb6409000 Threw 0x9e8517d8 at /build/buildd/openjdk-7-7u71-2.5.3/build/openjdk/hotspot/src/share/vm/prims/jvm.cpp:1284
Event: 0.912 Thread 0xb6409000 Threw 0x9e85ed88 at /build/buildd/openjdk-7-7u71-2.5.3/build/openjdk/hotspot/src/share/vm/prims/jvm.cpp:1284
Event: 0.914 Thread 0xb6409000 Threw 0x9e860c48 at /build/buildd/openjdk-7-7u71-2.5.3/build/openjdk/hotspot/src/share/vm/prims/jvm.cpp:1284
Event: 0.916 Thread 0xb6409000 Threw 0x9e862970 at /build/buildd/openjdk-7-7u71-2.5.3/build/openjdk/hotspot/src/share/vm/prims/jvm.cpp:1284

Events (10 events):
Event: 178.726 Executing VM operation: RedefineClasses
Event: 178.726 Executing VM operation: RedefineClasses done
Event: 178.727 Executing VM operation: EnterInterpOnlyMode
Event: 178.727 Executing VM operation: EnterInterpOnlyMode done
Event: 178.727 Executing VM operation: GetCurrentLocation
Event: 178.727 Executing VM operation: GetCurrentLocation done
Event: 178.727 Executing VM operation: ChangeSingleStep
Event: 178.727 Executing VM operation: ChangeSingleStep done
Event: 178.728 Executing VM operation: ChangeSingleStep
Event: 178.728 Executing VM operation: ChangeSingleStep done


Dynamic libraries:
08048000-08049000 r-xp 00000000 08:05 2493618    /usr/lib/jvm/java-7-openjdk-i386/jre/bin/java
08049000-0804a000 r--p 00000000 08:05 2493618    /usr/lib/jvm/java-7-openjdk-i386/jre/bin/java
0804a000-0804b000 rw-p 00001000 08:05 2493618    /usr/lib/jvm/java-7-openjdk-i386/jre/bin/java
08693000-08774000 rw-p 00000000 00:00 0          [heap]
69d06000-69f16000 rw-p 00000000 00:00 0 
69f16000-69f17000 ---p 00000000 00:00 0 
69f17000-69f97000 rw-p 00000000 00:00 0          [stack:8366]
69f97000-69f9a000 ---p 00000000 00:00 0 
69f9a000-69fe8000 rw-p 00000000 00:00 0          [stack:8365]
69fe8000-69feb000 ---p 00000000 00:00 0 
69feb000-6a069000 rw-p 00000000 00:00 0          [stack:8364]
6a069000-6a06c000 ---p 00000000 00:00 0 
6a06c000-6a0ea000 rw-p 00000000 00:00 0          [stack:8363]
6a0ea000-6a0ed000 ---p 00000000 00:00 0 
6a0ed000-6a13b000 rw-p 00000000 00:00 0          [stack:8361]
6a13b000-6a13e000 ---p 00000000 00:00 0 
6a13e000-6a18c000 rw-p 00000000 00:00 0          [stack:8360]
6a18c000-6a18f000 ---p 00000000 00:00 0 
6a18f000-6a1dd000 rw-p 00000000 00:00 0          [stack:8357]
6a1dd000-6a1e0000 ---p 00000000 00:00 0 
6a1e0000-6a22e000 rw-p 00000000 00:00 0          [stack:8355]
6a22e000-6a231000 ---p 00000000 00:00 0 
6a231000-6a27f000 rw-p 00000000 00:00 0          [stack:8354]
6a27f000-6a280000 ---p 00000000 00:00 0 
6a280000-6a300000 rw-p 00000000 00:00 0          [stack:8352]
6a300000-6a400000 rw-p 00000000 00:00 0 
6a413000-6a5c4000 r--s 01d25000 08:05 2493659    /usr/lib/jvm/java-7-openjdk-i386/jre/lib/rt.jar
6a5c4000-6cd00000 rw-p 00000000 00:00 0 
6cd00000-6cd21000 rw-p 00000000 00:00 0 
6cd21000-6ce00000 ---p 00000000 00:00 0 
6ce0b000-6ce0e000 ---p 00000000 00:00 0 
6ce0e000-6cf00000 rw-p 00000000 00:00 0          [stack:8353]
6cf00000-6cf21000 rw-p 00000000 00:00 0 
6cf21000-6d000000 ---p 00000000 00:00 0 
6d001000-6d045000 rw-p 00000000 00:00 0 
6d045000-6d046000 ---p 00000000 00:00 0 
6d046000-6d0c6000 rw-p 00000000 00:00 0          [stack:8351]
6d0c6000-6d0c7000 ---p 00000000 00:00 0 
6d0c7000-6d14f000 rw-p 00000000 00:00 0          [stack:8350]
6d14f000-6d187000 rw-p 00000000 00:00 0 
6d187000-6d19c000 rw-p 00000000 00:00 0 
6d19c000-6d2d1000 rw-p 00000000 00:00 0 
6d2d1000-6d2d9000 rw-p 00000000 00:00 0 
6d2d9000-6d311000 rw-p 00000000 00:00 0 
6d311000-6d326000 rw-p 00000000 00:00 0 
6d326000-6d45a000 rw-p 00000000 00:00 0 
6d45a000-6d465000 rw-p 00000000 00:00 0 
6d465000-6d4ff000 rw-p 00000000 00:00 0 
6d4ff000-6e500000 rw-p 00000000 00:00 0 
6e500000-75500000 rw-p 00000000 00:00 0 
75500000-77e00000 rw-p 00000000 00:00 0 
77e00000-9e780000 rw-p 00000000 00:00 0 
9e780000-9fc40000 rw-p 00000000 00:00 0 
9fc40000-b3100000 rw-p 00000000 00:00 0 
b3102000-b3106000 r--s 00034000 08:05 2493673    /usr/lib/jvm/java-7-openjdk-i386/jre/lib/ext/sunjce_provider.jar
b3106000-b310a000 r--s 00085000 08:05 2493672    /usr/lib/jvm/java-7-openjdk-i386/jre/lib/ext/localedata.jar
b310a000-b310e000 r--s 0003c000 08:05 2493674    /usr/lib/jvm/java-7-openjdk-i386/jre/lib/ext/sunpkcs11.jar
b310e000-b3117000 rw-p 00000000 00:00 0 
b3117000-b31ce000 rw-p 00000000 00:00 0 
b31ce000-b340e000 rwxp 00000000 00:00 0 
b340e000-b61ce000 rw-p 00000000 00:00 0 
b61ce000-b61d9000 r-xp 00000000 08:05 5375043    /lib/i386-linux-gnu/libnss_files-2.19.so
b61d9000-b61da000 r--p 0000a000 08:05 5375043    /lib/i386-linux-gnu/libnss_files-2.19.so
b61da000-b61db000 rw-p 0000b000 08:05 5375043    /lib/i386-linux-gnu/libnss_files-2.19.so
b61db000-b61e5000 r-xp 00000000 08:05 5375053    /lib/i386-linux-gnu/libnss_nis-2.19.so
b61e5000-b61e6000 r--p 00009000 08:05 5375053    /lib/i386-linux-gnu/libnss_nis-2.19.so
b61e6000-b61e7000 rw-p 0000a000 08:05 5375053    /lib/i386-linux-gnu/libnss_nis-2.19.so
b61e7000-b61fc000 r-xp 00000000 08:05 5375037    /lib/i386-linux-gnu/libnsl-2.19.so
b61fc000-b61fd000 r--p 00015000 08:05 5375037    /lib/i386-linux-gnu/libnsl-2.19.so
b61fd000-b61fe000 rw-p 00016000 08:05 5375037    /lib/i386-linux-gnu/libnsl-2.19.so
b61fe000-b6200000 rw-p 00000000 00:00 0 
b6200000-b6400000 r--p 00000000 08:05 2366510    /usr/lib/locale/locale-archive
b6400000-b64fe000 rw-p 00000000 00:00 0 
b64fe000-b6500000 ---p 00000000 00:00 0 
b6501000-b6502000 rw-p 00000000 00:00 0 
b6502000-b6503000 r--s 00002000 08:05 2493668    /usr/lib/jvm/java-7-openjdk-i386/jre/lib/ext/dnsns.jar
b6503000-b6506000 r--s 0000f000 08:05 2493669    /usr/lib/jvm/java-7-openjdk-i386/jre/lib/ext/icedtea-sound.jar
b6506000-b6508000 r--s 00006000 08:05 2889721    /usr/share/java/java-atk-wrapper.jar
b6508000-b650a000 r--s 00012000 08:05 2493675    /usr/lib/jvm/java-7-openjdk-i386/jre/lib/ext/zipfs.jar
b650a000-b6511000 r-xp 00000000 08:05 5375039    /lib/i386-linux-gnu/libnss_compat-2.19.so
b6511000-b6512000 r--p 00006000 08:05 5375039    /lib/i386-linux-gnu/libnss_compat-2.19.so
b6512000-b6513000 rw-p 00007000 08:05 5375039    /lib/i386-linux-gnu/libnss_compat-2.19.so
b6513000-b6517000 r-xp 00000000 08:05 2493687    /usr/lib/jvm/java-7-openjdk-i386/jre/lib/i386/libdt_socket.so
b6517000-b6518000 r--p 00003000 08:05 2493687    /usr/lib/jvm/java-7-openjdk-i386/jre/lib/i386/libdt_socket.so
b6518000-b6519000 rw-p 00004000 08:05 2493687    /usr/lib/jvm/java-7-openjdk-i386/jre/lib/i386/libdt_socket.so
b6519000-b6521000 r-xp 00000000 08:05 2493718    /usr/lib/jvm/java-7-openjdk-i386/jre/lib/i386/libzip.so
b6521000-b6522000 r--p 00007000 08:05 2493718    /usr/lib/jvm/java-7-openjdk-i386/jre/lib/i386/libzip.so
b6522000-b6523000 rw-p 00008000 08:05 2493718    /usr/lib/jvm/java-7-openjdk-i386/jre/lib/i386/libzip.so
b6523000-b652b000 rw-s 00000000 08:05 3702668    /tmp/hsperfdata_masha/8342
b652b000-b6569000 r-xp 00000000 08:05 2493703    /usr/lib/jvm/java-7-openjdk-i386/jre/lib/i386/libjdwp.so
b6569000-b656a000 r--p 0003d000 08:05 2493703    /usr/lib/jvm/java-7-openjdk-i386/jre/lib/i386/libjdwp.so
b656a000-b656b000 rw-p 0003e000 08:05 2493703    /usr/lib/jvm/java-7-openjdk-i386/jre/lib/i386/libjdwp.so
b656b000-b6592000 r-xp 00000000 08:05 2493697    /usr/lib/jvm/java-7-openjdk-i386/jre/lib/i386/libjava.so
b6592000-b6593000 r--p 00026000 08:05 2493697    /usr/lib/jvm/java-7-openjdk-i386/jre/lib/i386/libjava.so
b6593000-b6594000 rw-p 00027000 08:05 2493697    /usr/lib/jvm/java-7-openjdk-i386/jre/lib/i386/libjava.so
b6594000-b659b000 r-xp 00000000 08:05 5375096    /lib/i386-linux-gnu/librt-2.19.so
b659b000-b659c000 r--p 00006000 08:05 5375096    /lib/i386-linux-gnu/librt-2.19.so
b659c000-b659d000 rw-p 00007000 08:05 5375096    /lib/i386-linux-gnu/librt-2.19.so
b659d000-b65a0000 ---p 00000000 00:00 0 
b65a0000-b65ee000 rw-p 00000000 00:00 0          [stack:8348]
b65ee000-b660a000 r-xp 00000000 08:05 5374994    /lib/i386-linux-gnu/libgcc_s.so.1
b660a000-b660b000 rw-p 0001b000 08:05 5374994    /lib/i386-linux-gnu/libgcc_s.so.1
b660b000-b664f000 r-xp 00000000 08:05 5375018    /lib/i386-linux-gnu/libm-2.19.so
b664f000-b6650000 r--p 00043000 08:05 5375018    /lib/i386-linux-gnu/libm-2.19.so
b6650000-b6651000 rw-p 00044000 08:05 5375018    /lib/i386-linux-gnu/libm-2.19.so
b6651000-b672d000 r-xp 00000000 08:05 2366128    /usr/lib/i386-linux-gnu/libstdc++.so.6.0.19
b672d000-b672e000 ---p 000dc000 08:05 2366128    /usr/lib/i386-linux-gnu/libstdc++.so.6.0.19
b672e000-b6732000 r--p 000dc000 08:05 2366128    /usr/lib/i386-linux-gnu/libstdc++.so.6.0.19
b6732000-b6733000 rw-p 000e0000 08:05 2366128    /usr/lib/i386-linux-gnu/libstdc++.so.6.0.19
b6733000-b673a000 rw-p 00000000 00:00 0 
b673a000-b7125000 r-xp 00000000 08:05 2493729    /usr/lib/jvm/java-7-openjdk-i386/jre/lib/i386/server/libjvm.so
b7125000-b7126000 ---p 009eb000 08:05 2493729    /usr/lib/jvm/java-7-openjdk-i386/jre/lib/i386/server/libjvm.so
b7126000-b7178000 r--p 009eb000 08:05 2493729    /usr/lib/jvm/java-7-openjdk-i386/jre/lib/i386/server/libjvm.so
b7178000-b718c000 rw-p 00a3d000 08:05 2493729    /usr/lib/jvm/java-7-openjdk-i386/jre/lib/i386/server/libjvm.so
b718c000-b75a9000 rw-p 00000000 00:00 0 
b75a9000-b75c1000 r-xp 00000000 08:05 5375131    /lib/i386-linux-gnu/libz.so.1.2.8
b75c1000-b75c2000 r--p 00017000 08:05 5375131    /lib/i386-linux-gnu/libz.so.1.2.8
b75c2000-b75c3000 rw-p 00018000 08:05 5375131    /lib/i386-linux-gnu/libz.so.1.2.8
b75c3000-b75c4000 rw-p 00000000 00:00 0 
b75c4000-b75dc000 r-xp 00000000 08:05 5375088    /lib/i386-linux-gnu/libpthread-2.19.so
b75dc000-b75dd000 r--p 00017000 08:05 5375088    /lib/i386-linux-gnu/libpthread-2.19.so
b75dd000-b75de000 rw-p 00018000 08:05 5375088    /lib/i386-linux-gnu/libpthread-2.19.so
b75de000-b75e0000 rw-p 00000000 00:00 0 
b75e0000-b75e3000 r-xp 00000000 08:05 5374984    /lib/i386-linux-gnu/libdl-2.19.so
b75e3000-b75e4000 r--p 00002000 08:05 5374984    /lib/i386-linux-gnu/libdl-2.19.so
b75e4000-b75e5000 rw-p 00003000 08:05 5374984    /lib/i386-linux-gnu/libdl-2.19.so
b75e5000-b778e000 r-xp 00000000 08:05 5374967    /lib/i386-linux-gnu/libc-2.19.so
b778e000-b778f000 ---p 001a9000 08:05 5374967    /lib/i386-linux-gnu/libc-2.19.so
b778f000-b7791000 r--p 001a9000 08:05 5374967    /lib/i386-linux-gnu/libc-2.19.so
b7791000-b7792000 rw-p 001ab000 08:05 5374967    /lib/i386-linux-gnu/libc-2.19.so
b7792000-b7795000 rw-p 00000000 00:00 0 
b7795000-b7796000 r--p 002c5000 08:05 2366510    /usr/lib/locale/locale-archive
b7796000-b7799000 r-xp 00000000 08:05 2493712    /usr/lib/jvm/java-7-openjdk-i386/jre/lib/i386/libnpt.so
b7799000-b779a000 r--p 00002000 08:05 2493712    /usr/lib/jvm/java-7-openjdk-i386/jre/lib/i386/libnpt.so
b779a000-b779b000 rw-p 00003000 08:05 2493712    /usr/lib/jvm/java-7-openjdk-i386/jre/lib/i386/libnpt.so
b779b000-b779c000 rw-p 00000000 00:00 0 
b779c000-b779d000 r--p 00000000 00:00 0 
b779d000-b77ab000 r-xp 00000000 08:05 2493717    /usr/lib/jvm/java-7-openjdk-i386/jre/lib/i386/libverify.so
b77ab000-b77ac000 r--p 0000d000 08:05 2493717    /usr/lib/jvm/java-7-openjdk-i386/jre/lib/i386/libverify.so
b77ac000-b77ad000 rw-p 0000e000 08:05 2493717    /usr/lib/jvm/java-7-openjdk-i386/jre/lib/i386/libverify.so
b77ad000-b77b9000 r-xp 00000000 08:05 2493725    /usr/lib/jvm/java-7-openjdk-i386/jre/lib/i386/jli/libjli.so
b77b9000-b77ba000 r--p 0000c000 08:05 2493725    /usr/lib/jvm/java-7-openjdk-i386/jre/lib/i386/jli/libjli.so
b77ba000-b77bb000 rw-p 0000d000 08:05 2493725    /usr/lib/jvm/java-7-openjdk-i386/jre/lib/i386/jli/libjli.so
b77bb000-b77be000 rw-p 00000000 00:00 0 
b77be000-b77bf000 r-xp 00000000 00:00 0          [vdso]
b77bf000-b77df000 r-xp 00000000 08:05 5374943    /lib/i386-linux-gnu/ld-2.19.so
b77df000-b77e0000 r--p 0001f000 08:05 5374943    /lib/i386-linux-gnu/ld-2.19.so
b77e0000-b77e1000 rw-p 00020000 08:05 5374943    /lib/i386-linux-gnu/ld-2.19.so
bfae7000-bfae8000 rwxp 00000000 00:00 0 
bfb1a000-bfb3b000 rw-p 00000000 00:00 0          [stack]

VM Arguments:
jvm_args: -agentlib:jdwp=transport=dt_socket,suspend=y,address=localhost:54179 -Dfile.encoding=UTF-8 
java_command: main.App
Launcher Type: SUN_STANDARD

Environment Variables:
PATH=/usr/local/sbin:/usr/local/bin:/usr/sbin:/usr/bin:/sbin:/bin:/usr/games:/usr/local/games
USERNAME=masha
LD_LIBRARY_PATH=/usr/lib/jvm/java-7-openjdk-i386/jre/lib/i386/server:/usr/lib/jvm/java-7-openjdk-i386/jre/lib/i386:/usr/lib/jvm/java-7-openjdk-i386/jre/../lib/i386:/usr/lib/jvm/java-7-openjdk-i386/jre/lib/i386/client:/usr/lib/jvm/java-7-openjdk-i386/jre/lib/i386:
SHELL=/bin/bash
DISPLAY=:0.0

Signal Handlers:
SIGSEGV: [libjvm.so+0x80a5e0], sa_mask[0]=0x7ffbfeff, sa_flags=0x10000004
SIGBUS: [libjvm.so+0x80a5e0], sa_mask[0]=0x7ffbfeff, sa_flags=0x10000004
SIGFPE: [libjvm.so+0x6844f0], sa_mask[0]=0x7ffbfeff, sa_flags=0x10000004
SIGPIPE: [libjvm.so+0x6844f0], sa_mask[0]=0x7ffbfeff, sa_flags=0x10000004
SIGXFSZ: [libjvm.so+0x6844f0], sa_mask[0]=0x7ffbfeff, sa_flags=0x10000004
SIGILL: [libjvm.so+0x6844f0], sa_mask[0]=0x7ffbfeff, sa_flags=0x10000004
SIGUSR1: SIG_DFL, sa_mask[0]=0x00000000, sa_flags=0x00000000
SIGUSR2: [libjvm.so+0x684380], sa_mask[0]=0x00000004, sa_flags=0x10000004
SIGHUP: [libjvm.so+0x6845b0], sa_mask[0]=0x7ffbfeff, sa_flags=0x10000004
SIGINT: [libjvm.so+0x6845b0], sa_mask[0]=0x7ffbfeff, sa_flags=0x10000004
SIGTERM: [libjvm.so+0x6845b0], sa_mask[0]=0x7ffbfeff, sa_flags=0x10000004
SIGQUIT: [libjvm.so+0x6845b0], sa_mask[0]=0x7ffbfeff, sa_flags=0x10000004
SIGTRAP: SIG_DFL, sa_mask[0]=0x00000000, sa_flags=0x00000000


---------------  S Y S T E M  ---------------

OS:LinuxMint 17.1 (rebecca)
uname:Linux 3.13.0-37-generic #64-Ubuntu SMP Mon Sep 22 21:30:01 UTC 2014 i686
libc:glibc 2.19 NPTL 2.19 
rlimit: STACK 8192k, CORE 0k, NPROC 31361, NOFILE 4096, AS infinity
load average:0.38 0.44 0.49

/proc/meminfo:
MemTotal:        4042264 kB
MemFree:          333576 kB
Buffers:          239452 kB
Cached:          1549588 kB
SwapCached:            0 kB
Active:          2273848 kB
Inactive:        1301168 kB
Active(anon):    1759188 kB
Inactive(anon):   479748 kB
Active(file):     514660 kB
Inactive(file):   821420 kB
Unevictable:         152 kB
Mlocked:             152 kB
HighTotal:       3193380 kB
HighFree:         180852 kB
LowTotal:         848884 kB
LowFree:          152724 kB
SwapTotal:       3472380 kB
SwapFree:        3472380 kB
Dirty:               516 kB
Writeback:             0 kB
AnonPages:       1786232 kB
Mapped:           418676 kB
Shmem:            452740 kB
Slab:              81904 kB
SReclaimable:      59536 kB
SUnreclaim:        22368 kB
KernelStack:        8432 kB
PageTables:        19244 kB
NFS_Unstable:          0 kB
Bounce:                0 kB
WritebackTmp:          0 kB
CommitLimit:     5493512 kB
Committed_AS:    8723240 kB
VmallocTotal:     122880 kB
VmallocUsed:       20648 kB
VmallocChunk:      97864 kB
HardwareCorrupted:     0 kB
AnonHugePages:    700416 kB
HugePages_Total:       0
HugePages_Free:        0
HugePages_Rsvd:        0
HugePages_Surp:        0
Hugepagesize:       2048 kB
DirectMap4k:       40952 kB
DirectMap2M:      872448 kB


CPU:total 2 (2 cores per cpu, 1 threads per core) family 6 model 42 stepping 7, cmov, cx8, fxsr, mmx, sse, sse2, sse3, ssse3, sse4.1, sse4.2, popcnt, tsc, tscinvbit

/proc/cpuinfo:
processor	: 0
vendor_id	: GenuineIntel
cpu family	: 6
model		: 42
model name	: Intel(R) Pentium(R) CPU B950 @ 2.10GHz
stepping	: 7
microcode	: 0x1b
cpu MHz		: 2100.000
cache size	: 2048 KB
physical id	: 0
siblings	: 2
core id		: 0
cpu cores	: 2
apicid		: 0
initial apicid	: 0
fdiv_bug	: no
f00f_bug	: no
coma_bug	: no
fpu		: yes
fpu_exception	: yes
cpuid level	: 13
wp		: yes
flags		: fpu vme de pse tsc msr pae mce cx8 apic sep mtrr pge mca cmov pat pse36 clflush dts acpi mmx fxsr sse sse2 ss ht tm pbe nx rdtscp lm constant_tsc arch_perfmon pebs bts xtopology nonstop_tsc aperfmperf eagerfpu pni pclmulqdq dtes64 monitor ds_cpl est tm2 ssse3 cx16 xtpr pdcm pcid sse4_1 sse4_2 x2apic popcnt tsc_deadline_timer xsave lahf_lm arat epb xsaveopt pln pts dtherm
bogomips	: 4190.43
clflush size	: 64
cache_alignment	: 64
address sizes	: 36 bits physical, 48 bits virtual
power management:

processor	: 1
vendor_id	: GenuineIntel
cpu family	: 6
model		: 42
model name	: Intel(R) Pentium(R) CPU B950 @ 2.10GHz
stepping	: 7
microcode	: 0x1b
cpu MHz		: 2100.000
cache size	: 2048 KB
physical id	: 0
siblings	: 2
core id		: 1
cpu cores	: 2
apicid		: 2
initial apicid	: 2
fdiv_bug	: no
f00f_bug	: no
coma_bug	: no
fpu		: yes
fpu_exception	: yes
cpuid level	: 13
wp		: yes
flags		: fpu vme de pse tsc msr pae mce cx8 apic sep mtrr pge mca cmov pat pse36 clflush dts acpi mmx fxsr sse sse2 ss ht tm pbe nx rdtscp lm constant_tsc arch_perfmon pebs bts xtopology nonstop_tsc aperfmperf eagerfpu pni pclmulqdq dtes64 monitor ds_cpl est tm2 ssse3 cx16 xtpr pdcm pcid sse4_1 sse4_2 x2apic popcnt tsc_deadline_timer xsave lahf_lm arat epb xsaveopt pln pts dtherm
bogomips	: 4190.43
clflush size	: 64
cache_alignment	: 64
address sizes	: 36 bits physical, 48 bits virtual
power management:



Memory: 4k page, physical 4042264k(333576k free), swap 3472380k(3472380k free)

vm_info: OpenJDK Server VM (24.65-b04) for linux-x86 JRE (1.7.0_65-b32), built on Oct 22 2014 04:44:59 by "buildd" with gcc 4.8.2

time: Sun Oct 18 15:13:07 2015
elapsed time: 178 seconds

