#
# A fatal error has been detected by the Java Runtime Environment:
#
#  SIGSEGV (0xb) at pc=0xb6f178d9, pid=6732, tid=1780337472
#
# JRE version: OpenJDK Runtime Environment (7.0_65-b32) (build 1.7.0_65-b32)
# Java VM: OpenJDK Server VM (24.65-b04 mixed mode linux-x86 )
# Derivative: IcedTea 2.5.3
# Distribution: Ubuntu 14.04 LTS, package 7u71-2.5.3-0ubuntu0.14.04.1
# Problematic frame:
# V  [libjvm.so+0x7fd8d9]  interpretedVFrame::monitors() const+0x199
#
# Failed to write core dump. Core dumps have been disabled. To enable core dumping, try "ulimit -c unlimited" before starting Java again
#
# If you would like to submit a bug report, please include
# instructions on how to reproduce the bug and visit:
#   http://icedtea.classpath.org/bugzilla
#

---------------  T H R E A D  ---------------

Current thread (0x6a32f400):  JavaThread "JDWP Transport Listener: dt_socket" daemon [_thread_in_vm, id=6746, stack(0x6a18c000,0x6a1dd000)]

siginfo:si_signo=SIGSEGV: si_errno=0, si_code=2 (SEGV_ACCERR), si_addr=0xb657fffc

Registers:
EAX=0xb657fff8, EBX=0xb7158000, ECX=0x08668118, EDX=0x69dd7010
ESP=0x6a1dbbe0, EBP=0x00009a05, ESI=0x6a32fa58, EDI=0x6a32fbf8
EIP=0xb6f178d9, EFLAGS=0x00010206, CR2=0xb657fffc

Top of Stack: (sp=0x6a1dbbe0)
0x6a1dbbe0:   6a1dbc18 b6580000 00002290 00000000
0x6a1dbbf0:   b657fff8 6a1dbc18 69dd7010 086160a8
0x6a1dbc00:   b65cd024 b31b9407 b31b8a48 00000000
0x6a1dbc10:   b65cd048 b65cd028 b65cd024 b31b9407
0x6a1dbc20:   b31b8a48 00000000 b65cd048 b65cd028
0x6a1dbc30:   00000000 00003e90 b6f17749 b7158000
0x6a1dbc40:   00000000 6a32fca4 6a32fa58 b6c77677
0x6a1dbc50:   6a32fa58 b6409000 6a319db8 b6f17739 

Instructions: (pc=0xb6f178d9)
0xb6f178b9:   46 18 89 44 24 4c 8b 44 24 14 89 04 24 e8 15 d9
0xb6f178c9:   be ff 39 44 24 10 0f 82 eb 00 00 00 8b 44 24 10
0xb6f178d9:   8b 68 04 c7 44 24 04 00 00 00 00 c7 04 24 10 00
0xb6f178e9:   00 00 e8 70 e7 f0 ff 85 c0 89 c1 74 18 89 28 c7 

Register to memory mapping:

EAX=0xb657fff8 is pointing into the stack for thread: 0xb6409000
EBX=0xb7158000: <offset 0xa3e000> in /usr/lib/jvm/java-7-openjdk-i386/jre/lib/i386/server/libjvm.so at 0xb671a000
ECX=0x08668118 is an unknown value
EDX=0x69dd7010 is an unknown value
ESP=0x6a1dbbe0 is pointing into the stack for thread: 0x6a32f400
EBP=0x00009a05 is an unknown value
ESI=0x6a32fa58 is an unknown value
EDI=0x6a32fbf8 is an unknown value


Stack: [0x6a18c000,0x6a1dd000],  sp=0x6a1dbbe0,  free space=318k
Native frames: (J=compiled Java code, j=interpreted, Vv=VM code, C=native code)
V  [libjvm.so+0x7fd8d9]  interpretedVFrame::monitors() const+0x199


---------------  P R O C E S S  ---------------

Java Threads: ( => current thread )
  0x6a338000 JavaThread "Service Thread" daemon [_thread_blocked, id=6754, stack(0x69f97000,0x69fe8000)]
  0x6a335800 JavaThread "C2 CompilerThread1" daemon [_thread_blocked, id=6753, stack(0x69fe8000,0x6a069000)]
  0x6a333800 JavaThread "C2 CompilerThread0" daemon [_thread_blocked, id=6752, stack(0x6a069000,0x6a0ea000)]
  0x0859b800 JavaThread "JDWP Command Reader" daemon [_thread_in_native, id=6750, stack(0x6a0ea000,0x6a13b000)]
  0x6a331c00 JavaThread "JDWP Event Helper Thread" daemon [_thread_blocked, id=6749, stack(0x6a13b000,0x6a18c000)]
=>0x6a32f400 JavaThread "JDWP Transport Listener: dt_socket" daemon [_thread_in_vm, id=6746, stack(0x6a18c000,0x6a1dd000)]
  0x6a326c00 JavaThread "Signal Dispatcher" daemon [_thread_blocked, id=6744, stack(0x6a1dd000,0x6a22e000)]
  0x6a314800 JavaThread "Finalizer" daemon [_thread_blocked, id=6743, stack(0x6a22e000,0x6a27f000)]
  0x6a313000 JavaThread "Reference Handler" daemon [_thread_blocked, id=6742, stack(0x6ce0b000,0x6ce5c000)]
  0xb6409000 JavaThread "main" [_thread_blocked, id=6736, stack(0xb657d000,0xb65ce000)]

Other Threads:
  0x6a310400 VMThread [stack: 0x6a27f000,0x6a300000] [id=6741]
  0x6a33a000 WatcherThread [stack: 0x69f16000,0x69f97000] [id=6755]

VM state:not at safepoint (normal execution)

VM Mutex/Monitor currently owned by a thread: None

Heap
 PSYoungGen      total 18688K, used 1300K [0x9e740000, 0x9fc00000, 0xb30c0000)
  eden space 16128K, 8% used [0x9e740000,0x9e885398,0x9f700000)
  from space 2560K, 0% used [0x9f980000,0x9f980000,0x9fc00000)
  to   space 2560K, 0% used [0x9f700000,0x9f700000,0x9f980000)
 ParOldGen       total 41984K, used 0K [0x754c0000, 0x77dc0000, 0x9e740000)
  object space 41984K, 0% used [0x754c0000,0x754c0000,0x77dc0000)
 PSPermGen       total 16384K, used 2469K [0x6d4c0000, 0x6e4c0000, 0x754c0000)
  object space 16384K, 15% used [0x6d4c0000,0x6d729750,0x6e4c0000)

Card table byte_map: [0x6d291000,0x6d4c0000] byte_map_base: 0x6cf26a00

Polling page: 0xb777c000

Code Cache  [0xb31b6000, 0xb33f6000, 0xb61b6000)
 total_blobs=110 nmethods=2 adapters=71 free_code_cache=48858Kb largest_free_block=50009152

Compilation events (4 events):
Event: 2.662 Thread 0x6a333800    1             java.lang.String::indexOf (70 bytes)
Event: 2.663 Thread 0x6a335800    2             java.lang.String::hashCode (55 bytes)
Event: 2.670 Thread 0x6a333800 nmethod 1 0xb31ff708 code [0xb31ff820, 0xb31ff9dc]
Event: 2.670 Thread 0x6a335800 nmethod 2 0xb3201a88 code [0xb3201b80, 0xb3201d10]

GC Heap History (0 events):
No events

Deoptimization events (0 events):
No events

Internal exceptions (10 events):
Event: 0.152 Thread 0xb6409000 Threw 0x9e780a10 at /build/buildd/openjdk-7-7u71-2.5.3/build/openjdk/hotspot/src/share/vm/prims/jvm.cpp:1284
Event: 0.152 Thread 0xb6409000 Threw 0x9e780b28 at /build/buildd/openjdk-7-7u71-2.5.3/build/openjdk/hotspot/src/share/vm/prims/jvm.cpp:1284
Event: 0.154 Thread 0xb6409000 Threw 0x9e786718 at /build/buildd/openjdk-7-7u71-2.5.3/build/openjdk/hotspot/src/share/vm/prims/jvm.cpp:1284
Event: 0.180 Thread 0xb6409000 Threw 0x9e7f6740 at /build/buildd/openjdk-7-7u71-2.5.3/build/openjdk/hotspot/src/share/vm/prims/jvm.cpp:1284
Event: 0.180 Thread 0xb6409000 Threw 0x9e7f6858 at /build/buildd/openjdk-7-7u71-2.5.3/build/openjdk/hotspot/src/share/vm/prims/jvm.cpp:1284
Event: 0.180 Thread 0xb6409000 Threw 0x9e7f8bb0 at /build/buildd/openjdk-7-7u71-2.5.3/build/openjdk/hotspot/src/share/vm/prims/jvm.cpp:1284
Event: 0.180 Thread 0xb6409000 Threw 0x9e7f8cc8 at /build/buildd/openjdk-7-7u71-2.5.3/build/openjdk/hotspot/src/share/vm/prims/jvm.cpp:1284
Event: 0.180 Thread 0xb6409000 Threw 0x9e7f9540 at /build/buildd/openjdk-7-7u71-2.5.3/build/openjdk/hotspot/src/share/vm/prims/jvm.cpp:1284
Event: 0.181 Thread 0xb6409000 Threw 0x9e7f9658 at /build/buildd/openjdk-7-7u71-2.5.3/build/openjdk/hotspot/src/share/vm/prims/jvm.cpp:1284
Event: 2.655 Thread 0xb6409000 Threw 0x9e80d2c8 at /build/buildd/openjdk-7-7u71-2.5.3/build/openjdk/hotspot/src/share/vm/prims/jvm.cpp:1284

Events (10 events):
Event: 23.673 Executing VM operation: RedefineClasses
Event: 23.673 Executing VM operation: RedefineClasses done
Event: 23.674 Executing VM operation: EnterInterpOnlyMode
Event: 23.674 Executing VM operation: EnterInterpOnlyMode done
Event: 23.674 Executing VM operation: GetCurrentLocation
Event: 23.674 Executing VM operation: GetCurrentLocation done
Event: 23.674 Executing VM operation: ChangeSingleStep
Event: 23.674 Executing VM operation: ChangeSingleStep done
Event: 23.674 Executing VM operation: ChangeSingleStep
Event: 23.674 Executing VM operation: ChangeSingleStep done


Dynamic libraries:
08048000-08049000 r-xp 00000000 08:05 2493618    /usr/lib/jvm/java-7-openjdk-i386/jre/bin/java
08049000-0804a000 r--p 00000000 08:05 2493618    /usr/lib/jvm/java-7-openjdk-i386/jre/bin/java
0804a000-0804b000 rw-p 00001000 08:05 2493618    /usr/lib/jvm/java-7-openjdk-i386/jre/bin/java
08599000-08686000 rw-p 00000000 00:00 0          [heap]
69bc7000-69e00000 rw-p 00000000 00:00 0 
69e00000-69e29000 rw-p 00000000 00:00 0 
69e29000-69f00000 ---p 00000000 00:00 0 
69f16000-69f17000 ---p 00000000 00:00 0 
69f17000-69f97000 rw-p 00000000 00:00 0          [stack:6755]
69f97000-69f9a000 ---p 00000000 00:00 0 
69f9a000-69fe8000 rw-p 00000000 00:00 0          [stack:6754]
69fe8000-69feb000 ---p 00000000 00:00 0 
69feb000-6a069000 rw-p 00000000 00:00 0          [stack:6753]
6a069000-6a06c000 ---p 00000000 00:00 0 
6a06c000-6a0ea000 rw-p 00000000 00:00 0          [stack:6752]
6a0ea000-6a0ed000 ---p 00000000 00:00 0 
6a0ed000-6a13b000 rw-p 00000000 00:00 0          [stack:6750]
6a13b000-6a13e000 ---p 00000000 00:00 0 
6a13e000-6a18c000 rw-p 00000000 00:00 0          [stack:6749]
6a18c000-6a18f000 ---p 00000000 00:00 0 
6a18f000-6a1dd000 rw-p 00000000 00:00 0          [stack:6746]
6a1dd000-6a1e0000 ---p 00000000 00:00 0 
6a1e0000-6a22e000 rw-p 00000000 00:00 0          [stack:6744]
6a22e000-6a231000 ---p 00000000 00:00 0 
6a231000-6a27f000 rw-p 00000000 00:00 0          [stack:6743]
6a27f000-6a280000 ---p 00000000 00:00 0 
6a280000-6a300000 rw-p 00000000 00:00 0          [stack:6741]
6a300000-6a400000 rw-p 00000000 00:00 0 
6a413000-6a5c4000 r--s 01d25000 08:05 2493659    /usr/lib/jvm/java-7-openjdk-i386/jre/lib/rt.jar
6a5c4000-6cd00000 rw-p 00000000 00:00 0 
6cd00000-6cd21000 rw-p 00000000 00:00 0 
6cd21000-6ce00000 ---p 00000000 00:00 0 
6ce0b000-6ce0e000 ---p 00000000 00:00 0 
6ce0e000-6cf00000 rw-p 00000000 00:00 0          [stack:6742]
6cf00000-6cf21000 rw-p 00000000 00:00 0 
6cf21000-6d000000 ---p 00000000 00:00 0 
6d005000-6d006000 ---p 00000000 00:00 0 
6d006000-6d086000 rw-p 00000000 00:00 0          [stack:6739]
6d086000-6d087000 ---p 00000000 00:00 0 
6d087000-6d10f000 rw-p 00000000 00:00 0          [stack:6738]
6d10f000-6d147000 rw-p 00000000 00:00 0 
6d147000-6d15c000 rw-p 00000000 00:00 0 
6d15c000-6d291000 rw-p 00000000 00:00 0 
6d291000-6d299000 rw-p 00000000 00:00 0 
6d299000-6d2d1000 rw-p 00000000 00:00 0 
6d2d1000-6d2e6000 rw-p 00000000 00:00 0 
6d2e6000-6d41a000 rw-p 00000000 00:00 0 
6d41a000-6d425000 rw-p 00000000 00:00 0 
6d425000-6d4bf000 rw-p 00000000 00:00 0 
6d4bf000-6e4c0000 rw-p 00000000 00:00 0 
6e4c0000-754c0000 rw-p 00000000 00:00 0 
754c0000-77dc0000 rw-p 00000000 00:00 0 
77dc0000-9e740000 rw-p 00000000 00:00 0 
9e740000-9fc00000 rw-p 00000000 00:00 0 
9fc00000-b30c0000 rw-p 00000000 00:00 0 
b30c8000-b30c9000 rw-p 00000000 00:00 0 
b30c9000-b30cd000 r--s 00034000 08:05 2493673    /usr/lib/jvm/java-7-openjdk-i386/jre/lib/ext/sunjce_provider.jar
b30cd000-b30ce000 r--s 00002000 08:05 2493668    /usr/lib/jvm/java-7-openjdk-i386/jre/lib/ext/dnsns.jar
b30ce000-b30d2000 r--s 00085000 08:05 2493672    /usr/lib/jvm/java-7-openjdk-i386/jre/lib/ext/localedata.jar
b30d2000-b30d6000 r--s 0003c000 08:05 2493674    /usr/lib/jvm/java-7-openjdk-i386/jre/lib/ext/sunpkcs11.jar
b30d6000-b30d9000 r--s 0000f000 08:05 2493669    /usr/lib/jvm/java-7-openjdk-i386/jre/lib/ext/icedtea-sound.jar
b30d9000-b30db000 r--s 00006000 08:05 2889721    /usr/share/java/java-atk-wrapper.jar
b30db000-b30ff000 rw-p 00000000 00:00 0 
b30ff000-b31b6000 rw-p 00000000 00:00 0 
b31b6000-b33f6000 rwxp 00000000 00:00 0 
b33f6000-b61b6000 rw-p 00000000 00:00 0 
b61b6000-b61c1000 r-xp 00000000 08:05 5375043    /lib/i386-linux-gnu/libnss_files-2.19.so
b61c1000-b61c2000 r--p 0000a000 08:05 5375043    /lib/i386-linux-gnu/libnss_files-2.19.so
b61c2000-b61c3000 rw-p 0000b000 08:05 5375043    /lib/i386-linux-gnu/libnss_files-2.19.so
b61c3000-b61cd000 r-xp 00000000 08:05 5375053    /lib/i386-linux-gnu/libnss_nis-2.19.so
b61cd000-b61ce000 r--p 00009000 08:05 5375053    /lib/i386-linux-gnu/libnss_nis-2.19.so
b61ce000-b61cf000 rw-p 0000a000 08:05 5375053    /lib/i386-linux-gnu/libnss_nis-2.19.so
b61cf000-b61e4000 r-xp 00000000 08:05 5375037    /lib/i386-linux-gnu/libnsl-2.19.so
b61e4000-b61e5000 r--p 00015000 08:05 5375037    /lib/i386-linux-gnu/libnsl-2.19.so
b61e5000-b61e6000 rw-p 00016000 08:05 5375037    /lib/i386-linux-gnu/libnsl-2.19.so
b61e6000-b61e8000 rw-p 00000000 00:00 0 
b61e8000-b61ec000 r-xp 00000000 08:05 2493687    /usr/lib/jvm/java-7-openjdk-i386/jre/lib/i386/libdt_socket.so
b61ec000-b61ed000 r--p 00003000 08:05 2493687    /usr/lib/jvm/java-7-openjdk-i386/jre/lib/i386/libdt_socket.so
b61ed000-b61ee000 rw-p 00004000 08:05 2493687    /usr/lib/jvm/java-7-openjdk-i386/jre/lib/i386/libdt_socket.so
b61ee000-b61f6000 r-xp 00000000 08:05 2493718    /usr/lib/jvm/java-7-openjdk-i386/jre/lib/i386/libzip.so
b61f6000-b61f7000 r--p 00007000 08:05 2493718    /usr/lib/jvm/java-7-openjdk-i386/jre/lib/i386/libzip.so
b61f7000-b61f8000 rw-p 00008000 08:05 2493718    /usr/lib/jvm/java-7-openjdk-i386/jre/lib/i386/libzip.so
b61f8000-b6200000 rw-s 00000000 08:05 3702369    /tmp/hsperfdata_masha/6732
b6200000-b6400000 r--p 00000000 08:05 2366510    /usr/lib/locale/locale-archive
b6400000-b64fe000 rw-p 00000000 00:00 0 
b64fe000-b6500000 ---p 00000000 00:00 0 
b6500000-b6502000 r--s 00012000 08:05 2493675    /usr/lib/jvm/java-7-openjdk-i386/jre/lib/ext/zipfs.jar
b6502000-b6509000 r-xp 00000000 08:05 5375039    /lib/i386-linux-gnu/libnss_compat-2.19.so
b6509000-b650a000 r--p 00006000 08:05 5375039    /lib/i386-linux-gnu/libnss_compat-2.19.so
b650a000-b650b000 rw-p 00007000 08:05 5375039    /lib/i386-linux-gnu/libnss_compat-2.19.so
b650b000-b6549000 r-xp 00000000 08:05 2493703    /usr/lib/jvm/java-7-openjdk-i386/jre/lib/i386/libjdwp.so
b6549000-b654a000 r--p 0003d000 08:05 2493703    /usr/lib/jvm/java-7-openjdk-i386/jre/lib/i386/libjdwp.so
b654a000-b654b000 rw-p 0003e000 08:05 2493703    /usr/lib/jvm/java-7-openjdk-i386/jre/lib/i386/libjdwp.so
b654b000-b6572000 r-xp 00000000 08:05 2493697    /usr/lib/jvm/java-7-openjdk-i386/jre/lib/i386/libjava.so
b6572000-b6573000 r--p 00026000 08:05 2493697    /usr/lib/jvm/java-7-openjdk-i386/jre/lib/i386/libjava.so
b6573000-b6574000 rw-p 00027000 08:05 2493697    /usr/lib/jvm/java-7-openjdk-i386/jre/lib/i386/libjava.so
b6574000-b657b000 r-xp 00000000 08:05 5375096    /lib/i386-linux-gnu/librt-2.19.so
b657b000-b657c000 r--p 00006000 08:05 5375096    /lib/i386-linux-gnu/librt-2.19.so
b657c000-b657d000 rw-p 00007000 08:05 5375096    /lib/i386-linux-gnu/librt-2.19.so
b657d000-b6580000 ---p 00000000 00:00 0 
b6580000-b65ce000 rw-p 00000000 00:00 0          [stack:6736]
b65ce000-b65ea000 r-xp 00000000 08:05 5374994    /lib/i386-linux-gnu/libgcc_s.so.1
b65ea000-b65eb000 rw-p 0001b000 08:05 5374994    /lib/i386-linux-gnu/libgcc_s.so.1
b65eb000-b662f000 r-xp 00000000 08:05 5375018    /lib/i386-linux-gnu/libm-2.19.so
b662f000-b6630000 r--p 00043000 08:05 5375018    /lib/i386-linux-gnu/libm-2.19.so
b6630000-b6631000 rw-p 00044000 08:05 5375018    /lib/i386-linux-gnu/libm-2.19.so
b6631000-b670d000 r-xp 00000000 08:05 2366128    /usr/lib/i386-linux-gnu/libstdc++.so.6.0.19
b670d000-b670e000 ---p 000dc000 08:05 2366128    /usr/lib/i386-linux-gnu/libstdc++.so.6.0.19
b670e000-b6712000 r--p 000dc000 08:05 2366128    /usr/lib/i386-linux-gnu/libstdc++.so.6.0.19
b6712000-b6713000 rw-p 000e0000 08:05 2366128    /usr/lib/i386-linux-gnu/libstdc++.so.6.0.19
b6713000-b671a000 rw-p 00000000 00:00 0 
b671a000-b7105000 r-xp 00000000 08:05 2493729    /usr/lib/jvm/java-7-openjdk-i386/jre/lib/i386/server/libjvm.so
b7105000-b7106000 ---p 009eb000 08:05 2493729    /usr/lib/jvm/java-7-openjdk-i386/jre/lib/i386/server/libjvm.so
b7106000-b7158000 r--p 009eb000 08:05 2493729    /usr/lib/jvm/java-7-openjdk-i386/jre/lib/i386/server/libjvm.so
b7158000-b716c000 rw-p 00a3d000 08:05 2493729    /usr/lib/jvm/java-7-openjdk-i386/jre/lib/i386/server/libjvm.so
b716c000-b7589000 rw-p 00000000 00:00 0 
b7589000-b75a1000 r-xp 00000000 08:05 5375131    /lib/i386-linux-gnu/libz.so.1.2.8
b75a1000-b75a2000 r--p 00017000 08:05 5375131    /lib/i386-linux-gnu/libz.so.1.2.8
b75a2000-b75a3000 rw-p 00018000 08:05 5375131    /lib/i386-linux-gnu/libz.so.1.2.8
b75a3000-b75a4000 rw-p 00000000 00:00 0 
b75a4000-b75bc000 r-xp 00000000 08:05 5375088    /lib/i386-linux-gnu/libpthread-2.19.so
b75bc000-b75bd000 r--p 00017000 08:05 5375088    /lib/i386-linux-gnu/libpthread-2.19.so
b75bd000-b75be000 rw-p 00018000 08:05 5375088    /lib/i386-linux-gnu/libpthread-2.19.so
b75be000-b75c0000 rw-p 00000000 00:00 0 
b75c0000-b75c3000 r-xp 00000000 08:05 5374984    /lib/i386-linux-gnu/libdl-2.19.so
b75c3000-b75c4000 r--p 00002000 08:05 5374984    /lib/i386-linux-gnu/libdl-2.19.so
b75c4000-b75c5000 rw-p 00003000 08:05 5374984    /lib/i386-linux-gnu/libdl-2.19.so
b75c5000-b776e000 r-xp 00000000 08:05 5374967    /lib/i386-linux-gnu/libc-2.19.so
b776e000-b776f000 ---p 001a9000 08:05 5374967    /lib/i386-linux-gnu/libc-2.19.so
b776f000-b7771000 r--p 001a9000 08:05 5374967    /lib/i386-linux-gnu/libc-2.19.so
b7771000-b7772000 rw-p 001ab000 08:05 5374967    /lib/i386-linux-gnu/libc-2.19.so
b7772000-b7775000 rw-p 00000000 00:00 0 
b7775000-b7776000 r--p 002c5000 08:05 2366510    /usr/lib/locale/locale-archive
b7776000-b7779000 r-xp 00000000 08:05 2493712    /usr/lib/jvm/java-7-openjdk-i386/jre/lib/i386/libnpt.so
b7779000-b777a000 r--p 00002000 08:05 2493712    /usr/lib/jvm/java-7-openjdk-i386/jre/lib/i386/libnpt.so
b777a000-b777b000 rw-p 00003000 08:05 2493712    /usr/lib/jvm/java-7-openjdk-i386/jre/lib/i386/libnpt.so
b777b000-b777c000 rw-p 00000000 00:00 0 
b777c000-b777d000 r--p 00000000 00:00 0 
b777d000-b778b000 r-xp 00000000 08:05 2493717    /usr/lib/jvm/java-7-openjdk-i386/jre/lib/i386/libverify.so
b778b000-b778c000 r--p 0000d000 08:05 2493717    /usr/lib/jvm/java-7-openjdk-i386/jre/lib/i386/libverify.so
b778c000-b778d000 rw-p 0000e000 08:05 2493717    /usr/lib/jvm/java-7-openjdk-i386/jre/lib/i386/libverify.so
b778d000-b7799000 r-xp 00000000 08:05 2493725    /usr/lib/jvm/java-7-openjdk-i386/jre/lib/i386/jli/libjli.so
b7799000-b779a000 r--p 0000c000 08:05 2493725    /usr/lib/jvm/java-7-openjdk-i386/jre/lib/i386/jli/libjli.so
b779a000-b779b000 rw-p 0000d000 08:05 2493725    /usr/lib/jvm/java-7-openjdk-i386/jre/lib/i386/jli/libjli.so
b779b000-b779e000 rw-p 00000000 00:00 0 
b779e000-b779f000 r-xp 00000000 00:00 0          [vdso]
b779f000-b77bf000 r-xp 00000000 08:05 5374943    /lib/i386-linux-gnu/ld-2.19.so
b77bf000-b77c0000 r--p 0001f000 08:05 5374943    /lib/i386-linux-gnu/ld-2.19.so
b77c0000-b77c1000 rw-p 00020000 08:05 5374943    /lib/i386-linux-gnu/ld-2.19.so
bfcc1000-bfcc2000 rwxp 00000000 00:00 0 
bfcf4000-bfd15000 rw-p 00000000 00:00 0          [stack]

VM Arguments:
jvm_args: -agentlib:jdwp=transport=dt_socket,suspend=y,address=localhost:42250 -Dfile.encoding=UTF-8 
java_command: ExchangeRate.App
Launcher Type: SUN_STANDARD

Environment Variables:
PATH=/usr/local/sbin:/usr/local/bin:/usr/sbin:/usr/bin:/sbin:/bin:/usr/games:/usr/local/games
USERNAME=masha
LD_LIBRARY_PATH=/usr/lib/jvm/java-7-openjdk-i386/jre/lib/i386/server:/usr/lib/jvm/java-7-openjdk-i386/jre/lib/i386:/usr/lib/jvm/java-7-openjdk-i386/jre/../lib/i386:/usr/lib/jvm/java-7-openjdk-i386/jre/lib/i386/client:/usr/lib/jvm/java-7-openjdk-i386/jre/lib/i386:
SHELL=/bin/bash
DISPLAY=:0.0

Signal Handlers:
SIGSEGV: [libjvm.so+0x80a5e0], sa_mask[0]=0x7ffbfeff, sa_flags=0x10000004
SIGBUS: [libjvm.so+0x80a5e0], sa_mask[0]=0x7ffbfeff, sa_flags=0x10000004
SIGFPE: [libjvm.so+0x6844f0], sa_mask[0]=0x7ffbfeff, sa_flags=0x10000004
SIGPIPE: [libjvm.so+0x6844f0], sa_mask[0]=0x7ffbfeff, sa_flags=0x10000004
SIGXFSZ: [libjvm.so+0x6844f0], sa_mask[0]=0x7ffbfeff, sa_flags=0x10000004
SIGILL: [libjvm.so+0x6844f0], sa_mask[0]=0x7ffbfeff, sa_flags=0x10000004
SIGUSR1: SIG_DFL, sa_mask[0]=0x00000000, sa_flags=0x00000000
SIGUSR2: [libjvm.so+0x684380], sa_mask[0]=0x00000004, sa_flags=0x10000004
SIGHUP: [libjvm.so+0x6845b0], sa_mask[0]=0x7ffbfeff, sa_flags=0x10000004
SIGINT: [libjvm.so+0x6845b0], sa_mask[0]=0x7ffbfeff, sa_flags=0x10000004
SIGTERM: [libjvm.so+0x6845b0], sa_mask[0]=0x7ffbfeff, sa_flags=0x10000004
SIGQUIT: [libjvm.so+0x6845b0], sa_mask[0]=0x7ffbfeff, sa_flags=0x10000004
SIGTRAP: SIG_DFL, sa_mask[0]=0x00000000, sa_flags=0x00000000


---------------  S Y S T E M  ---------------

OS:LinuxMint 17.1 (rebecca)
uname:Linux 3.13.0-37-generic #64-Ubuntu SMP Mon Sep 22 21:30:01 UTC 2014 i686
libc:glibc 2.19 NPTL 2.19 
rlimit: STACK 8192k, CORE 0k, NPROC 31361, NOFILE 4096, AS infinity
load average:0.66 0.64 0.57

/proc/meminfo:
MemTotal:        4042264 kB
MemFree:          207480 kB
Buffers:           86784 kB
Cached:          1497164 kB
SwapCached:            0 kB
Active:          2529464 kB
Inactive:        1160588 kB
Active(anon):    2003384 kB
Inactive(anon):   503780 kB
Active(file):     526080 kB
Inactive(file):   656808 kB
Unevictable:        1336 kB
Mlocked:            1336 kB
HighTotal:       3193380 kB
HighFree:          43904 kB
LowTotal:         848884 kB
LowFree:          163576 kB
SwapTotal:       3472380 kB
SwapFree:        3472380 kB
Dirty:               420 kB
Writeback:             0 kB
AnonPages:       2107616 kB
Mapped:           368800 kB
Shmem:            401060 kB
Slab:              84220 kB
SReclaimable:      60164 kB
SUnreclaim:        24056 kB
KernelStack:       11656 kB
PageTables:        22000 kB
NFS_Unstable:          0 kB
Bounce:                0 kB
WritebackTmp:          0 kB
CommitLimit:     5493512 kB
Committed_AS:   10799416 kB
VmallocTotal:     122880 kB
VmallocUsed:       20648 kB
VmallocChunk:      97836 kB
HardwareCorrupted:     0 kB
AnonHugePages:    899072 kB
HugePages_Total:       0
HugePages_Free:        0
HugePages_Rsvd:        0
HugePages_Surp:        0
Hugepagesize:       2048 kB
DirectMap4k:       38904 kB
DirectMap2M:      874496 kB


CPU:total 2 (2 cores per cpu, 1 threads per core) family 6 model 42 stepping 7, cmov, cx8, fxsr, mmx, sse, sse2, sse3, ssse3, sse4.1, sse4.2, popcnt, tsc, tscinvbit

/proc/cpuinfo:
processor	: 0
vendor_id	: GenuineIntel
cpu family	: 6
model		: 42
model name	: Intel(R) Pentium(R) CPU B950 @ 2.10GHz
stepping	: 7
microcode	: 0x1b
cpu MHz		: 2100.000
cache size	: 2048 KB
physical id	: 0
siblings	: 2
core id		: 0
cpu cores	: 2
apicid		: 0
initial apicid	: 0
fdiv_bug	: no
f00f_bug	: no
coma_bug	: no
fpu		: yes
fpu_exception	: yes
cpuid level	: 13
wp		: yes
flags		: fpu vme de pse tsc msr pae mce cx8 apic sep mtrr pge mca cmov pat pse36 clflush dts acpi mmx fxsr sse sse2 ss ht tm pbe nx rdtscp lm constant_tsc arch_perfmon pebs bts xtopology nonstop_tsc aperfmperf eagerfpu pni pclmulqdq dtes64 monitor ds_cpl est tm2 ssse3 cx16 xtpr pdcm pcid sse4_1 sse4_2 x2apic popcnt tsc_deadline_timer xsave lahf_lm arat epb xsaveopt pln pts dtherm
bogomips	: 4190.62
clflush size	: 64
cache_alignment	: 64
address sizes	: 36 bits physical, 48 bits virtual
power management:

processor	: 1
vendor_id	: GenuineIntel
cpu family	: 6
model		: 42
model name	: Intel(R) Pentium(R) CPU B950 @ 2.10GHz
stepping	: 7
microcode	: 0x1b
cpu MHz		: 2100.000
cache size	: 2048 KB
physical id	: 0
siblings	: 2
core id		: 1
cpu cores	: 2
apicid		: 2
initial apicid	: 2
fdiv_bug	: no
f00f_bug	: no
coma_bug	: no
fpu		: yes
fpu_exception	: yes
cpuid level	: 13
wp		: yes
flags		: fpu vme de pse tsc msr pae mce cx8 apic sep mtrr pge mca cmov pat pse36 clflush dts acpi mmx fxsr sse sse2 ss ht tm pbe nx rdtscp lm constant_tsc arch_perfmon pebs bts xtopology nonstop_tsc aperfmperf eagerfpu pni pclmulqdq dtes64 monitor ds_cpl est tm2 ssse3 cx16 xtpr pdcm pcid sse4_1 sse4_2 x2apic popcnt tsc_deadline_timer xsave lahf_lm arat epb xsaveopt pln pts dtherm
bogomips	: 4190.62
clflush size	: 64
cache_alignment	: 64
address sizes	: 36 bits physical, 48 bits virtual
power management:



Memory: 4k page, physical 4042264k(207480k free), swap 3472380k(3472380k free)

vm_info: OpenJDK Server VM (24.65-b04) for linux-x86 JRE (1.7.0_65-b32), built on Oct 22 2014 04:44:59 by "buildd" with gcc 4.8.2

time: Wed Oct 14 22:49:34 2015
elapsed time: 23 seconds

